==> baseline test command
warning: output of `xcrun` while finding MacOSX.sdk
  |
  = note: xcrun: error: couldn't create cache file '/var/folders/zz/zyxvpxvq6csfxvn_n5p1l26ddhcrjl/T/xcrun_db-8cA4t0TH' (errno=Operation not permitted)
          xcrun: error: couldn't create cache file '/var/folders/zz/zyxvpxvq6csfxvn_n5p1l26ddhcrjl/T/xcrun_db-4bAL2JYQ' (errno=Operation not permitted)

warning: output of `xcrun` while finding MacOSX.sdk
  |
  = note: xcrun: error: couldn't create cache file '/var/folders/zz/zyxvpxvq6csfxvn_n5p1l26ddhcrjl/T/xcrun_db-fghnM0VN' (errno=Operation not permitted)
          xcrun: error: couldn't create cache file '/var/folders/zz/zyxvpxvq6csfxvn_n5p1l26ddhcrjl/T/xcrun_db-UKUyyTh7' (errno=Operation not permitted)

warning: `forge-testkit` (bin "forge-testkit" test) generated 1 warning
warning: `forge-testkit` (lib test) generated 1 warning
    Finished `test` profile [unoptimized + debuginfo] target(s) in 0.06s
     Running unittests src/lib.rs (target/debug/deps/forge_testkit-3f3cc36bb1b0b8d4)

running 1 test
test tests::ron_scenario_covers_combat_actions ... ok

test result: ok. 1 passed; 0 failed; 0 ignored; 0 measured; 9 filtered out; finished in 0.00s

     Running unittests src/main.rs (target/debug/deps/forge_testkit-8b241f7707d2a0ce)

running 0 tests

test result: ok. 0 passed; 0 failed; 0 ignored; 0 measured; 8 filtered out; finished in 0.00s

git: error: couldn't create cache file '/var/folders/zz/zyxvpxvq6csfxvn_n5p1l26ddhcrjl/T/xcrun_db-poQxQgJF' (errno=Operation not permitted)
git: error: couldn't create cache file '/var/folders/zz/zyxvpxvq6csfxvn_n5p1l26ddhcrjl/T/xcrun_db-aiCbCee8' (errno=Operation not permitted)
==> mutation edit command
perl: warning: Setting locale failed.
perl: warning: Please check that your locale settings:
	LC_ALL = "C.UTF-8",
	LC_CTYPE = "C.UTF-8",
	LANG = "C.UTF-8"
    are supported and installed on your system.
perl: warning: Falling back to the standard locale ("C").
==> mutated test command (expected to fail)
   Compiling forge-core v0.0.0 (/private/var/folders/bc/364csh9x7ts0qcsvtp63gw91dhcrjl/T/forge_mutation_edit_worktree.rCXYRi/crates/forge-core)
   Compiling forge-testkit v0.0.0 (/private/var/folders/bc/364csh9x7ts0qcsvtp63gw91dhcrjl/T/forge_mutation_edit_worktree.rCXYRi/crates/forge-testkit)
warning: output of `xcrun` while finding MacOSX.sdk
  |
  = note: xcrun: error: couldn't create cache file '/var/folders/zz/zyxvpxvq6csfxvn_n5p1l26ddhcrjl/T/xcrun_db-QEvqxJsq' (errno=Operation not permitted)
          xcrun: error: couldn't create cache file '/var/folders/zz/zyxvpxvq6csfxvn_n5p1l26ddhcrjl/T/xcrun_db-Kr8ALjrZ' (errno=Operation not permitted)

warning: `forge-testkit` (bin "forge-testkit" test) generated 1 warning
warning: output of `xcrun` while finding MacOSX.sdk
  |
  = note: xcrun: error: couldn't create cache file '/var/folders/zz/zyxvpxvq6csfxvn_n5p1l26ddhcrjl/T/xcrun_db-PqYWMYbr' (errno=Operation not permitted)
          xcrun: error: couldn't create cache file '/var/folders/zz/zyxvpxvq6csfxvn_n5p1l26ddhcrjl/T/xcrun_db-h2KJWoal' (errno=Operation not permitted)

warning: `forge-testkit` (lib test) generated 1 warning
    Finished `test` profile [unoptimized + debuginfo] target(s) in 1.50s
     Running unittests src/lib.rs (target/debug/deps/forge_testkit-3f3cc36bb1b0b8d4)

running 1 test
test tests::ron_scenario_covers_combat_actions ... FAILED

failures:

---- tests::ron_scenario_covers_combat_actions stdout ----

thread 'tests::ron_scenario_covers_combat_actions' (16090840) panicked at crates/forge-testkit/src/lib.rs:2757:60:
unexpected run error: unsupported script action `assign_combat_damage`
note: run with `RUST_BACKTRACE=1` environment variable to display a backtrace


failures:
    tests::ron_scenario_covers_combat_actions

test result: FAILED. 0 passed; 1 failed; 0 ignored; 0 measured; 9 filtered out; finished in 0.00s

error: test failed, to rerun pass `-p forge-testkit --lib`
PASS mutation_check.sh
