started_at=2026-07-10T05:53:12.620021+00:00
finished_at=2026-07-10T05:53:30.844197+00:00
elapsed_seconds=18.224
workspace=/private/tmp/forge-cp-dsl-af6c850-clean/target/cp-dsl-mutation/runs/20260710T055312515002Z/workspaces/control
target_directory=/private/tmp/forge-cp-dsl-af6c850-clean/target/cp-dsl-mutation/runs/20260710T055312515002Z/targets/control
command=["cargo", "test", "--locked", "--offline", "--quiet", "-p", "forge-carddef", "-p", "forge-cardc", "-p", "forge-cards", "--all-targets"]
return_code=0
--- output ---

running 5 tests
.....
test result: ok. 5 passed; 0 failed; 0 ignored; 0 measured; 0 filtered out; finished in 0.00s


running 0 tests

test result: ok. 0 passed; 0 failed; 0 ignored; 0 measured; 0 filtered out; finished in 0.00s


running 1 test
.
test result: ok. 1 passed; 0 failed; 0 ignored; 0 measured; 0 filtered out; finished in 0.03s


running 4 tests
....
test result: ok. 4 passed; 0 failed; 0 ignored; 0 measured; 0 filtered out; finished in 0.00s


running 5 tests
.....
test result: ok. 5 passed; 0 failed; 0 ignored; 0 measured; 0 filtered out; finished in 0.00s


running 0 tests

test result: ok. 0 passed; 0 failed; 0 ignored; 0 measured; 0 filtered out; finished in 0.00s

