started_at=2026-07-10T05:54:09.775035+00:00
finished_at=2026-07-10T05:54:35.955747+00:00
elapsed_seconds=26.181
workspace=/private/tmp/forge-cp-dsl-af6c850-clean/target/cp-dsl-mutation/runs/20260710T055312515002Z/workspaces/definition_status_is_open
target_directory=/private/tmp/forge-cp-dsl-af6c850-clean/target/cp-dsl-mutation/runs/20260710T055312515002Z/targets/definition_status_is_open
command=["cargo", "test", "--locked", "--offline", "--quiet", "-p", "forge-carddef", "-p", "forge-cardc", "-p", "forge-cards", "--all-targets"]
return_code=101
--- output ---
warning: unused variable: `path`
   --> crates/forge-cardc/src/parse.rs:550:28
    |
550 | fn parse_definition_status(path: &str, pair: &Pair<'_, Rule>) -> CardcR...
    |                            ^^^^ help: if this is intentional, prefix it with an underscore: `_path`
    |
    = note: `#[warn(unused_variables)]` (part of `#[warn(unused)]`) on by default


running 5 tests
.....
test result: ok. 5 passed; 0 failed; 0 ignored; 0 measured; 0 filtered out; finished in 0.00s


running 0 tests

test result: ok. 0 passed; 0 failed; 0 ignored; 0 measured; 0 filtered out; finished in 0.00s


running 1 test
every_malformed_fixture_has_a_positioned_diagnostic --- FAILED

failures:

---- every_malformed_fixture_has_a_positioned_diagnostic stdout ----

thread 'every_malformed_fixture_has_a_positioned_diagnostic' (25248457) panicked at crates/forge-cardc/tests/malformed_corpus.rs:119:26:
malformed fixture unexpectedly parsed: cards/cp_dsl/malformed/011_invalid_status.frs
note: run with `RUST_BACKTRACE=1` environment variable to display a backtrace


failures:
    every_malformed_fixture_has_a_positioned_diagnostic

test result: FAILED. 0 passed; 1 failed; 0 ignored; 0 measured; 0 filtered out; finished in 0.00s

error: test failed, to rerun pass `-p forge-cardc --test malformed_corpus`
