started_at=2026-07-10T05:53:31.702517+00:00
finished_at=2026-07-10T05:54:11.883701+00:00
elapsed_seconds=40.181
workspace=/private/tmp/forge-cp-dsl-af6c850-clean/target/cp-dsl-mutation/runs/20260710T055312515002Z/workspaces/id_allows_spaces
target_directory=/private/tmp/forge-cp-dsl-af6c850-clean/target/cp-dsl-mutation/runs/20260710T055312515002Z/targets/id_allows_spaces
command=["cargo", "test", "--locked", "--offline", "--quiet", "-p", "forge-carddef", "-p", "forge-cardc", "-p", "forge-cards", "--all-targets"]
return_code=101
--- output ---

running 5 tests
.....
test result: ok. 5 passed; 0 failed; 0 ignored; 0 measured; 0 filtered out; finished in 0.00s


running 0 tests

test result: ok. 0 passed; 0 failed; 0 ignored; 0 measured; 0 filtered out; finished in 0.00s


running 1 test
every_malformed_fixture_has_a_positioned_diagnostic --- FAILED

failures:

---- every_malformed_fixture_has_a_positioned_diagnostic stdout ----

thread 'every_malformed_fixture_has_a_positioned_diagnostic' (25237466) panicked at crates/forge-cardc/tests/malformed_corpus.rs:119:26:
malformed fixture unexpectedly parsed: cards/cp_dsl/malformed/005_id_with_spaces.frs
note: run with `RUST_BACKTRACE=1` environment variable to display a backtrace


failures:
    every_malformed_fixture_has_a_positioned_diagnostic

test result: FAILED. 0 passed; 1 failed; 0 ignored; 0 measured; 0 filtered out; finished in 0.01s

error: test failed, to rerun pass `-p forge-cardc --test malformed_corpus`
