started_at=2026-07-10T05:53:31.709726+00:00
finished_at=2026-07-10T05:54:19.368125+00:00
elapsed_seconds=47.658
workspace=/private/tmp/forge-cp-dsl-af6c850-clean/target/cp-dsl-mutation/runs/20260710T055312515002Z/workspaces/modal_dfc_collapses_to_normal
target_directory=/private/tmp/forge-cp-dsl-af6c850-clean/target/cp-dsl-mutation/runs/20260710T055312515002Z/targets/modal_dfc_collapses_to_normal
command=["cargo", "test", "--locked", "--offline", "--quiet", "-p", "forge-carddef", "-p", "forge-cardc", "-p", "forge-cards", "--all-targets"]
return_code=101
--- output ---

running 5 tests
.....
test result: ok. 5 passed; 0 failed; 0 ignored; 0 measured; 0 filtered out; finished in 0.00s


running 0 tests

test result: ok. 0 passed; 0 failed; 0 ignored; 0 measured; 0 filtered out; finished in 0.00s


running 1 test
.
test result: ok. 1 passed; 0 failed; 0 ignored; 0 measured; 0 filtered out; finished in 0.03s


running 4 tests
... 3/4
tests::layout_registry_is_closed --- FAILED

failures:

---- tests::layout_registry_is_closed stdout ----

thread 'tests::layout_registry_is_closed' (25238874) panicked at crates/forge-carddef/src/lib.rs:1342:9:
assertion `left == right` failed
  left: Some(Normal)
 right: Some(ModalDfc)
note: run with `RUST_BACKTRACE=1` environment variable to display a backtrace


failures:
    tests::layout_registry_is_closed

test result: FAILED. 3 passed; 1 failed; 0 ignored; 0 measured; 0 filtered out; finished in 0.00s

error: test failed, to rerun pass `-p forge-carddef --lib`
