started_at=2026-07-10T05:54:12.328906+00:00
finished_at=2026-07-10T05:54:39.383914+00:00
elapsed_seconds=27.055
workspace=/private/tmp/forge-cp-dsl-af6c850-clean/target/cp-dsl-mutation/runs/20260710T055312515002Z/workspaces/runtime_sort_checks_disabled
target_directory=/private/tmp/forge-cp-dsl-af6c850-clean/target/cp-dsl-mutation/runs/20260710T055312515002Z/targets/runtime_sort_checks_disabled
command=["cargo", "test", "--locked", "--offline", "--quiet", "-p", "forge-carddef", "-p", "forge-cardc", "-p", "forge-cards", "--all-targets"]
return_code=101
--- output ---

running 5 tests
.....
test result: ok. 5 passed; 0 failed; 0 ignored; 0 measured; 0 filtered out; finished in 0.00s


running 0 tests

test result: ok. 0 passed; 0 failed; 0 ignored; 0 measured; 0 filtered out; finished in 0.00s


running 1 test
.
test result: ok. 1 passed; 0 failed; 0 ignored; 0 measured; 0 filtered out; finished in 0.03s


running 4 tests
....
test result: ok. 4 passed; 0 failed; 0 ignored; 0 measured; 0 filtered out; finished in 0.00s


running 5 tests
.... 4/5
tests::rejects_unsorted_identities --- FAILED

failures:

---- tests::rejects_unsorted_identities stdout ----

thread 'tests::rejects_unsorted_identities' (25249762) panicked at crates/forge-cards/src/lib.rs:414:9:
assertion failed: load_card_database(&bytes).is_err()
note: run with `RUST_BACKTRACE=1` environment variable to display a backtrace


failures:
    tests::rejects_unsorted_identities

test result: FAILED. 4 passed; 1 failed; 0 ignored; 0 measured; 0 filtered out; finished in 0.00s

error: test failed, to rerun pass `-p forge-cards --lib`
