started_at=2026-07-10T05:56:00Z
command=scripts/card_regression.sh --gate 
--- output ---
python3: error: couldn't create cache file '/var/folders/zz/zyxvpxvq6csfxvn_n5p1l26ddhcrjl/T/xcrun_db-oGuafmmy' (errno=Operation not permitted)
python3: error: couldn't create cache file '/var/folders/zz/zyxvpxvq6csfxvn_n5p1l26ddhcrjl/T/xcrun_db-CQanOKvX' (errno=Operation not permitted)
CP-DSL corpus: 100 cards, 25 strata
python3: error: couldn't create cache file '/var/folders/zz/zyxvpxvq6csfxvn_n5p1l26ddhcrjl/T/xcrun_db-KsfUwTcE' (errno=Operation not permitted)
python3: error: couldn't create cache file '/var/folders/zz/zyxvpxvq6csfxvn_n5p1l26ddhcrjl/T/xcrun_db-NwGQuYH0' (errno=Operation not permitted)
CP-DSL malformed corpus: 117 cases
python3: error: couldn't create cache file '/var/folders/zz/zyxvpxvq6csfxvn_n5p1l26ddhcrjl/T/xcrun_db-XQXzo7O5' (errno=Operation not permitted)
python3: error: couldn't create cache file '/var/folders/zz/zyxvpxvq6csfxvn_n5p1l26ddhcrjl/T/xcrun_db-4Z22JSHQ' (errno=Operation not permitted)
Oracle semantics: passed=True files=1200 families=379 interactions=1839
warning: output of `xcrun` while finding MacOSX.sdk
  |
  = note: xcrun: error: couldn't create cache file '/var/folders/zz/zyxvpxvq6csfxvn_n5p1l26ddhcrjl/T/xcrun_db-ueLisblc' (errno=Operation not permitted)
          xcrun: error: couldn't create cache file '/var/folders/zz/zyxvpxvq6csfxvn_n5p1l26ddhcrjl/T/xcrun_db-oVrizqPU' (errno=Operation not permitted)

warning: output of `xcrun` while finding MacOSX.sdk
  |
  = note: xcrun: error: couldn't create cache file '/var/folders/zz/zyxvpxvq6csfxvn_n5p1l26ddhcrjl/T/xcrun_db-ACn4vsoU' (errno=Operation not permitted)
          xcrun: error: couldn't create cache file '/var/folders/zz/zyxvpxvq6csfxvn_n5p1l26ddhcrjl/T/xcrun_db-572WEDn8' (errno=Operation not permitted)

warning: output of `xcrun` while finding MacOSX.sdk
  |
  = note: xcrun: error: couldn't create cache file '/var/folders/zz/zyxvpxvq6csfxvn_n5p1l26ddhcrjl/T/xcrun_db-hUlExODC' (errno=Operation not permitted)
          xcrun: error: couldn't create cache file '/var/folders/zz/zyxvpxvq6csfxvn_n5p1l26ddhcrjl/T/xcrun_db-D9tLWDJo' (errno=Operation not permitted)

warning: output of `xcrun` while finding MacOSX.sdk
  |
  = note: xcrun: error: couldn't create cache file '/var/folders/zz/zyxvpxvq6csfxvn_n5p1l26ddhcrjl/T/xcrun_db-Ai1ZFwmb' (errno=Operation not permitted)
          xcrun: error: couldn't create cache file '/var/folders/zz/zyxvpxvq6csfxvn_n5p1l26ddhcrjl/T/xcrun_db-p0m3xwMA' (errno=Operation not permitted)

built 100 definition(s) with 100/100 canonical round-trips, 38306 identities, and 113234 printings into target/card-regression/carddb-1.bin (26163015 bytes)
index target/card-regression/carddb-1.index.json
built 10 definition(s) with 10/10 canonical round-trips, 10 identities, and 0 printings into target/card-regression/layer-scenarios-1.bin (9848 bytes)
index target/card-regression/layer-scenarios-1.index.json
built 100 definition(s) with 100/100 canonical round-trips, 38306 identities, and 113234 printings into target/card-regression/carddb-2.bin (26163015 bytes)
index target/card-regression/carddb-2.index.json
built 10 definition(s) with 10/10 canonical round-trips, 10 identities, and 0 printings into target/card-regression/layer-scenarios-2.bin (9848 bytes)
index target/card-regression/layer-scenarios-2.index.json
built 100 definition(s) with 100/100 canonical round-trips, 38306 identities, and 113234 printings into target/card-regression/carddb-3.bin (26163015 bytes)
index target/card-regression/carddb-3.index.json
built 10 definition(s) with 10/10 canonical round-trips, 10 identities, and 0 printings into target/card-regression/layer-scenarios-3.bin (9848 bytes)
index target/card-regression/layer-scenarios-3.index.json
validated 38306 identities, 113234 printings, and 100 definitions
classified identities: 38306; verified: 0; unverified: 32792; quarantined: 0; out-of-v1: 1900; catalog-only: 3614
warning: output of `xcrun` while finding MacOSX.sdk
  |
  = note: xcrun: error: couldn't create cache file '/var/folders/zz/zyxvpxvq6csfxvn_n5p1l26ddhcrjl/T/xcrun_db-s7VxmolO' (errno=Operation not permitted)
          xcrun: error: couldn't create cache file '/var/folders/zz/zyxvpxvq6csfxvn_n5p1l26ddhcrjl/T/xcrun_db-BtQ3lliE' (errno=Operation not permitted)

warning: output of `xcrun` while finding MacOSX.sdk
  |
  = note: xcrun: error: couldn't create cache file '/var/folders/zz/zyxvpxvq6csfxvn_n5p1l26ddhcrjl/T/xcrun_db-ueLisblc' (errno=Operation not permitted)
          xcrun: error: couldn't create cache file '/var/folders/zz/zyxvpxvq6csfxvn_n5p1l26ddhcrjl/T/xcrun_db-oVrizqPU' (errno=Operation not permitted)


running 1 test
.
test result: ok. 1 passed; 0 failed; 0 ignored; 0 measured; 0 filtered out; finished in 0.03s

PASS nightmare suite: 100 game(s), 10 compiled card-driven fixture(s), 0 invariant violations
warning: output of `xcrun` while finding MacOSX.sdk
  |
  = note: xcrun: error: couldn't create cache file '/var/folders/zz/zyxvpxvq6csfxvn_n5p1l26ddhcrjl/T/xcrun_db-Q52npNAg' (errno=Operation not permitted)
          xcrun: error: couldn't create cache file '/var/folders/zz/zyxvpxvq6csfxvn_n5p1l26ddhcrjl/T/xcrun_db-4vdqKMYg' (errno=Operation not permitted)

warning: `forge-testkit` (bin "forge-testkit") generated 1 warning
    Finished `dev` profile [unoptimized + debuginfo] target(s) in 0.04s
     Running `target/debug/forge-testkit oracle --all`
PASS tests/oracle/generated_t1_300/t1_14_001_setup_zone_000.ron
PASS tests/oracle/generated_t1_300/t1_14_002_setup_zone_001.ron
PASS tests/oracle/generated_t1_300/t1_14_003_setup_zone_002.ron
PASS tests/oracle/generated_t1_300/t1_14_004_setup_zone_003.ron
PASS tests/oracle/generated_t1_300/t1_14_005_setup_zone_004.ron
PASS tests/oracle/generated_t1_300/t1_14_006_setup_zone_005.ron
PASS tests/oracle/generated_t1_300/t1_14_007_setup_zone_006.ron
PASS tests/oracle/generated_t1_300/t1_14_008_setup_zone_007.ron
PASS tests/oracle/generated_t1_300/t1_14_009_setup_zone_008.ron
PASS tests/oracle/generated_t1_300/t1_14_010_setup_zone_009.ron
PASS tests/oracle/generated_t1_300/t1_14_011_setup_zone_010.ron
PASS tests/oracle/generated_t1_300/t1_14_012_setup_zone_011.ron
PASS tests/oracle/generated_t1_300/t1_14_013_setup_zone_012.ron
PASS tests/oracle/generated_t1_300/t1_14_014_setup_zone_013.ron
PASS tests/oracle/generated_t1_300/t1_14_015_setup_zone_014.ron
PASS tests/oracle/generated_t1_300/t1_14_016_setup_zone_015.ron
PASS tests/oracle/generated_t1_300/t1_14_017_setup_zone_016.ron
PASS tests/oracle/generated_t1_300/t1_14_018_setup_zone_017.ron
PASS tests/oracle/generated_t1_300/t1_14_019_setup_zone_018.ron
PASS tests/oracle/generated_t1_300/t1_14_020_setup_zone_019.ron
PASS tests/oracle/generated_t1_300/t1_14_021_setup_zone_020.ron
PASS tests/oracle/generated_t1_300/t1_14_022_setup_zone_021.ron
PASS tests/oracle/generated_t1_300/t1_14_023_setup_zone_022.ron
PASS tests/oracle/generated_t1_300/t1_14_024_setup_zone_023.ron
PASS tests/oracle/generated_t1_300/t1_14_025_zone_move_000.ron
PASS tests/oracle/generated_t1_300/t1_14_026_zone_move_001.ron
PASS tests/oracle/generated_t1_300/t1_14_027_zone_move_002.ron
PASS tests/oracle/generated_t1_300/t1_14_028_zone_move_003.ron
PASS tests/oracle/generated_t1_300/t1_14_029_zone_move_004.ron
PASS tests/oracle/generated_t1_300/t1_14_030_zone_move_005.ron
PASS tests/oracle/generated_t1_300/t1_14_031_zone_move_006.ron
PASS tests/oracle/generated_t1_300/t1_14_032_zone_move_007.ron
PASS tests/oracle/generated_t1_300/t1_14_033_zone_move_008.ron
PASS tests/oracle/generated_t1_300/t1_14_034_zone_move_009.ron
PASS tests/oracle/generated_t1_300/t1_14_035_zone_move_010.ron
PASS tests/oracle/generated_t1_300/t1_14_036_zone_move_011.ron
PASS tests/oracle/generated_t1_300/t1_14_037_zone_move_012.ron
PASS tests/oracle/generated_t1_300/t1_14_038_zone_move_013.ron
PASS tests/oracle/generated_t1_300/t1_14_039_zone_move_014.ron
PASS tests/oracle/generated_t1_300/t1_14_040_zone_move_015.ron
PASS tests/oracle/generated_t1_300/t1_14_041_zone_move_016.ron
PASS tests/oracle/generated_t1_300/t1_14_042_zone_move_017.ron
PASS tests/oracle/generated_t1_300/t1_14_043_zone_move_018.ron
PASS tests/oracle/generated_t1_300/t1_14_044_zone_move_019.ron
PASS tests/oracle/generated_t1_300/t1_14_045_zone_move_020.ron
PASS tests/oracle/generated_t1_300/t1_14_046_zone_move_021.ron
PASS tests/oracle/generated_t1_300/t1_14_047_zone_move_022.ron
PASS tests/oracle/generated_t1_300/t1_14_048_zone_move_023.ron
PASS tests/oracle/generated_t1_300/t1_14_049_zone_move_024.ron
PASS tests/oracle/generated_t1_300/t1_14_050_zone_move_025.ron
PASS tests/oracle/generated_t1_300/t1_14_051_zone_move_026.ron
PASS tests/oracle/generated_t1_300/t1_14_052_zone_move_027.ron
PASS tests/oracle/generated_t1_300/t1_14_053_zone_move_028.ron
PASS tests/oracle/generated_t1_300/t1_14_054_zone_move_029.ron
PASS tests/oracle/generated_t1_300/t1_14_055_zone_move_030.ron
PASS tests/oracle/generated_t1_300/t1_14_056_zone_move_031.ron
PASS tests/oracle/generated_t1_300/t1_14_057_opening_hand_000.ron
PASS tests/oracle/generated_t1_300/t1_14_058_opening_hand_001.ron
PASS tests/oracle/generated_t1_300/t1_14_059_opening_hand_002.ron
PASS tests/oracle/generated_t1_300/t1_14_060_opening_hand_003.ron
PASS tests/oracle/generated_t1_300/t1_14_061_opening_hand_004.ron
PASS tests/oracle/generated_t1_300/t1_14_062_opening_hand_005.ron
PASS tests/oracle/generated_t1_300/t1_14_063_opening_hand_006.ron
PASS tests/oracle/generated_t1_300/t1_14_064_opening_hand_007.ron
PASS tests/oracle/generated_t1_300/t1_14_065_opening_hand_008.ron
PASS tests/oracle/generated_t1_300/t1_14_066_opening_hand_009.ron
PASS tests/oracle/generated_t1_300/t1_14_067_opening_hand_010.ron
PASS tests/oracle/generated_t1_300/t1_14_068_opening_hand_011.ron
PASS tests/oracle/generated_t1_300/t1_14_069_opening_hand_012.ron
PASS tests/oracle/generated_t1_300/t1_14_070_opening_hand_013.ron
PASS tests/oracle/generated_t1_300/t1_14_071_opening_hand_014.ron
PASS tests/oracle/generated_t1_300/t1_14_072_opening_hand_015.ron
PASS tests/oracle/generated_t1_300/t1_14_073_opening_hand_016.ron
PASS tests/oracle/generated_t1_300/t1_14_074_opening_hand_017.ron
PASS tests/oracle/generated_t1_300/t1_14_075_opening_hand_018.ron
PASS tests/oracle/generated_t1_300/t1_14_076_opening_hand_019.ron
PASS tests/oracle/generated_t1_300/t1_14_077_opening_hand_020.ron
PASS tests/oracle/generated_t1_300/t1_14_078_opening_hand_021.ron
PASS tests/oracle/generated_t1_300/t1_14_079_opening_hand_022.ron
PASS tests/oracle/generated_t1_300/t1_14_080_opening_hand_023.ron
PASS tests/oracle/generated_t1_300/t1_14_081_opening_hand_024.ron
PASS tests/oracle/generated_t1_300/t1_14_082_opening_hand_025.ron
PASS tests/oracle/generated_t1_300/t1_14_083_opening_hand_026.ron
PASS tests/oracle/generated_t1_300/t1_14_084_opening_hand_027.ron
PASS tests/oracle/generated_t1_300/t1_14_085_opening_hand_028.ron
PASS tests/oracle/generated_t1_300/t1_14_086_opening_hand_029.ron
PASS tests/oracle/generated_t1_300/t1_14_087_turn_priority_000.ron
PASS tests/oracle/generated_t1_300/t1_14_088_turn_priority_001.ron
PASS tests/oracle/generated_t1_300/t1_14_089_turn_priority_002.ron
PASS tests/oracle/generated_t1_300/t1_14_090_turn_priority_003.ron
PASS tests/oracle/generated_t1_300/t1_14_091_turn_priority_004.ron
PASS tests/oracle/generated_t1_300/t1_14_092_turn_priority_005.ron
PASS tests/oracle/generated_t1_300/t1_14_093_turn_priority_006.ron
PASS tests/oracle/generated_t1_300/t1_14_094_turn_priority_007.ron
PASS tests/oracle/generated_t1_300/t1_14_095_turn_priority_008.ron
PASS tests/oracle/generated_t1_300/t1_14_096_turn_priority_009.ron
PASS tests/oracle/generated_t1_300/t1_14_097_turn_priority_010.ron
PASS tests/oracle/generated_t1_300/t1_14_098_turn_priority_011.ron
PASS tests/oracle/generated_t1_300/t1_14_099_turn_priority_012.ron
PASS tests/oracle/generated_t1_300/t1_14_100_turn_priority_013.ron
PASS tests/oracle/generated_t1_300/t1_14_101_turn_priority_014.ron
PASS tests/oracle/generated_t1_300/t1_14_102_turn_priority_015.ron
PASS tests/oracle/generated_t1_300/t1_14_103_turn_priority_016.ron
PASS tests/oracle/generated_t1_300/t1_14_104_turn_priority_017.ron
PASS tests/oracle/generated_t1_300/t1_14_105_turn_priority_018.ron
PASS tests/oracle/generated_t1_300/t1_14_106_turn_priority_019.ron
PASS tests/oracle/generated_t1_300/t1_14_107_turn_priority_020.ron
PASS tests/oracle/generated_t1_300/t1_14_108_turn_priority_021.ron
PASS tests/oracle/generated_t1_300/t1_14_109_turn_priority_022.ron
PASS tests/oracle/generated_t1_300/t1_14_110_turn_priority_023.ron
PASS tests/oracle/generated_t1_300/t1_14_111_turn_priority_024.ron
PASS tests/oracle/generated_t1_300/t1_14_112_turn_priority_025.ron
PASS tests/oracle/generated_t1_300/t1_14_113_turn_priority_026.ron
PASS tests/oracle/generated_t1_300/t1_14_114_turn_priority_027.ron
PASS tests/oracle/generated_t1_300/t1_14_115_turn_priority_028.ron
PASS tests/oracle/generated_t1_300/t1_14_116_turn_priority_029.ron
PASS tests/oracle/generated_t1_300/t1_14_117_mana_000.ron
PASS tests/oracle/generated_t1_300/t1_14_118_mana_001.ron
PASS tests/oracle/generated_t1_300/t1_14_119_mana_002.ron
PASS tests/oracle/generated_t1_300/t1_14_120_mana_003.ron
PASS tests/oracle/generated_t1_300/t1_14_121_mana_004.ron
PASS tests/oracle/generated_t1_300/t1_14_122_mana_005.ron
PASS tests/oracle/generated_t1_300/t1_14_123_mana_006.ron
PASS tests/oracle/generated_t1_300/t1_14_124_mana_007.ron
PASS tests/oracle/generated_t1_300/t1_14_125_mana_008.ron
PASS tests/oracle/generated_t1_300/t1_14_126_mana_009.ron
PASS tests/oracle/generated_t1_300/t1_14_127_mana_010.ron
PASS tests/oracle/generated_t1_300/t1_14_128_mana_011.ron
PASS tests/oracle/generated_t1_300/t1_14_129_mana_012.ron
PASS tests/oracle/generated_t1_300/t1_14_130_mana_013.ron
PASS tests/oracle/generated_t1_300/t1_14_131_mana_014.ron
PASS tests/oracle/generated_t1_300/t1_14_132_mana_015.ron
PASS tests/oracle/generated_t1_300/t1_14_133_mana_016.ron
PASS tests/oracle/generated_t1_300/t1_14_134_mana_017.ron
PASS tests/oracle/generated_t1_300/t1_14_135_mana_018.ron
PASS tests/oracle/generated_t1_300/t1_14_136_mana_019.ron
PASS tests/oracle/generated_t1_300/t1_14_137_mana_020.ron
PASS tests/oracle/generated_t1_300/t1_14_138_mana_021.ron
PASS tests/oracle/generated_t1_300/t1_14_139_mana_022.ron
PASS tests/oracle/generated_t1_300/t1_14_140_mana_023.ron
PASS tests/oracle/generated_t1_300/t1_14_141_life_000.ron
PASS tests/oracle/generated_t1_300/t1_14_142_life_001.ron
PASS tests/oracle/generated_t1_300/t1_14_143_life_002.ron
PASS tests/oracle/generated_t1_300/t1_14_144_life_003.ron
PASS tests/oracle/generated_t1_300/t1_14_145_life_004.ron
PASS tests/oracle/generated_t1_300/t1_14_146_life_005.ron
PASS tests/oracle/generated_t1_300/t1_14_147_life_006.ron
PASS tests/oracle/generated_t1_300/t1_14_148_life_007.ron
PASS tests/oracle/generated_t1_300/t1_14_149_life_008.ron
PASS tests/oracle/generated_t1_300/t1_14_150_life_009.ron
PASS tests/oracle/generated_t1_300/t1_14_151_life_010.ron
PASS tests/oracle/generated_t1_300/t1_14_152_life_011.ron
PASS tests/oracle/generated_t1_300/t1_14_153_life_012.ron
PASS tests/oracle/generated_t1_300/t1_14_154_life_013.ron
PASS tests/oracle/generated_t1_300/t1_14_155_life_014.ron
PASS tests/oracle/generated_t1_300/t1_14_156_life_015.ron
PASS tests/oracle/generated_t1_300/t1_14_157_life_016.ron
PASS tests/oracle/generated_t1_300/t1_14_158_life_017.ron
PASS tests/oracle/generated_t1_300/t1_14_159_life_018.ron
PASS tests/oracle/generated_t1_300/t1_14_160_life_019.ron
PASS tests/oracle/generated_t1_300/t1_14_161_life_020.ron
PASS tests/oracle/generated_t1_300/t1_14_162_life_021.ron
PASS tests/oracle/generated_t1_300/t1_14_163_life_022.ron
PASS tests/oracle/generated_t1_300/t1_14_164_life_023.ron
PASS tests/oracle/generated_t1_300/t1_14_165_life_024.ron
PASS tests/oracle/generated_t1_300/t1_14_166_life_025.ron
PASS tests/oracle/generated_t1_300/t1_14_167_life_026.ron
PASS tests/oracle/generated_t1_300/t1_14_168_life_027.ron
PASS tests/oracle/generated_t1_300/t1_14_169_life_028.ron
PASS tests/oracle/generated_t1_300/t1_14_170_life_029.ron
PASS tests/oracle/generated_t1_300/t1_14_171_poison_000.ron
PASS tests/oracle/generated_t1_300/t1_14_172_poison_001.ron
PASS tests/oracle/generated_t1_300/t1_14_173_poison_002.ron
PASS tests/oracle/generated_t1_300/t1_14_174_poison_003.ron
PASS tests/oracle/generated_t1_300/t1_14_175_poison_004.ron
PASS tests/oracle/generated_t1_300/t1_14_176_poison_005.ron
PASS tests/oracle/generated_t1_300/t1_14_177_poison_006.ron
PASS tests/oracle/generated_t1_300/t1_14_178_poison_007.ron
PASS tests/oracle/generated_t1_300/t1_14_179_poison_008.ron
PASS tests/oracle/generated_t1_300/t1_14_180_poison_009.ron
PASS tests/oracle/generated_t1_300/t1_14_181_poison_010.ron
PASS tests/oracle/generated_t1_300/t1_14_182_poison_011.ron
PASS tests/oracle/generated_t1_300/t1_14_183_poison_012.ron
PASS tests/oracle/generated_t1_300/t1_14_184_poison_013.ron
PASS tests/oracle/generated_t1_300/t1_14_185_poison_014.ron
PASS tests/oracle/generated_t1_300/t1_14_186_poison_015.ron
PASS tests/oracle/generated_t1_300/t1_14_187_poison_016.ron
PASS tests/oracle/generated_t1_300/t1_14_188_poison_017.ron
PASS tests/oracle/generated_t1_300/t1_14_189_poison_018.ron
PASS tests/oracle/generated_t1_300/t1_14_190_poison_019.ron
PASS tests/oracle/generated_t1_300/t1_14_191_poison_020.ron
PASS tests/oracle/generated_t1_300/t1_14_192_poison_021.ron
PASS tests/oracle/generated_t1_300/t1_14_193_creature_sba_000.ron
PASS tests/oracle/generated_t1_300/t1_14_194_creature_sba_001.ron
PASS tests/oracle/generated_t1_300/t1_14_195_creature_sba_002.ron
PASS tests/oracle/generated_t1_300/t1_14_196_creature_sba_003.ron
PASS tests/oracle/generated_t1_300/t1_14_197_creature_sba_004.ron
PASS tests/oracle/generated_t1_300/t1_14_198_creature_sba_005.ron
PASS tests/oracle/generated_t1_300/t1_14_199_creature_sba_006.ron
PASS tests/oracle/generated_t1_300/t1_14_200_creature_sba_007.ron
PASS tests/oracle/generated_t1_300/t1_14_201_creature_sba_008.ron
PASS tests/oracle/generated_t1_300/t1_14_202_creature_sba_009.ron
PASS tests/oracle/generated_t1_300/t1_14_203_creature_sba_010.ron
PASS tests/oracle/generated_t1_300/t1_14_204_creature_sba_011.ron
PASS tests/oracle/generated_t1_300/t1_14_205_creature_sba_012.ron
PASS tests/oracle/generated_t1_300/t1_14_206_creature_sba_013.ron
PASS tests/oracle/generated_t1_300/t1_14_207_creature_sba_014.ron
PASS tests/oracle/generated_t1_300/t1_14_208_creature_sba_015.ron
PASS tests/oracle/generated_t1_300/t1_14_209_creature_sba_016.ron
PASS tests/oracle/generated_t1_300/t1_14_210_creature_sba_017.ron
PASS tests/oracle/generated_t1_300/t1_14_211_creature_sba_018.ron
PASS tests/oracle/generated_t1_300/t1_14_212_creature_sba_019.ron
PASS tests/oracle/generated_t1_300/t1_14_213_creature_sba_020.ron
PASS tests/oracle/generated_t1_300/t1_14_214_creature_sba_021.ron
PASS tests/oracle/generated_t1_300/t1_14_215_creature_sba_022.ron
PASS tests/oracle/generated_t1_300/t1_14_216_creature_sba_023.ron
PASS tests/oracle/generated_t1_300/t1_14_217_creature_sba_024.ron
PASS tests/oracle/generated_t1_300/t1_14_218_creature_sba_025.ron
PASS tests/oracle/generated_t1_300/t1_14_219_creature_sba_026.ron
PASS tests/oracle/generated_t1_300/t1_14_220_creature_sba_027.ron
PASS tests/oracle/generated_t1_300/t1_14_221_creature_sba_028.ron
PASS tests/oracle/generated_t1_300/t1_14_222_creature_sba_029.ron
PASS tests/oracle/generated_t1_300/t1_14_223_combat_unblocked_vigilance_000.ron
PASS tests/oracle/generated_t1_300/t1_14_224_combat_unblocked_vigilance_001.ron
PASS tests/oracle/generated_t1_300/t1_14_225_combat_unblocked_vigilance_002.ron
PASS tests/oracle/generated_t1_300/t1_14_226_combat_unblocked_vigilance_003.ron
PASS tests/oracle/generated_t1_300/t1_14_227_combat_unblocked_vigilance_004.ron
PASS tests/oracle/generated_t1_300/t1_14_228_combat_unblocked_vigilance_005.ron
PASS tests/oracle/generated_t1_300/t1_14_229_combat_unblocked_vigilance_006.ron
PASS tests/oracle/generated_t1_300/t1_14_230_combat_unblocked_vigilance_007.ron
PASS tests/oracle/generated_t1_300/t1_14_231_combat_unblocked_vigilance_008.ron
PASS tests/oracle/generated_t1_300/t1_14_232_combat_unblocked_vigilance_009.ron
PASS tests/oracle/generated_t1_300/t1_14_233_combat_evasion_block_legality_000.ron
PASS tests/oracle/generated_t1_300/t1_14_234_combat_evasion_block_legality_001.ron
PASS tests/oracle/generated_t1_300/t1_14_235_combat_evasion_block_legality_002.ron
PASS tests/oracle/generated_t1_300/t1_14_236_combat_evasion_block_legality_003.ron
PASS tests/oracle/generated_t1_300/t1_14_237_combat_evasion_block_legality_004.ron
PASS tests/oracle/generated_t1_300/t1_14_238_combat_evasion_block_legality_005.ron
PASS tests/oracle/generated_t1_300/t1_14_239_combat_evasion_block_legality_006.ron
PASS tests/oracle/generated_t1_300/t1_14_240_combat_evasion_block_legality_007.ron
PASS tests/oracle/generated_t1_300/t1_14_241_combat_evasion_block_legality_008.ron
PASS tests/oracle/generated_t1_300/t1_14_242_combat_evasion_block_legality_009.ron
PASS tests/oracle/generated_t1_300/t1_14_243_combat_strike_steps_000.ron
PASS tests/oracle/generated_t1_300/t1_14_244_combat_strike_steps_001.ron
PASS tests/oracle/generated_t1_300/t1_14_245_combat_strike_steps_002.ron
PASS tests/oracle/generated_t1_300/t1_14_246_combat_strike_steps_003.ron
PASS tests/oracle/generated_t1_300/t1_14_247_combat_strike_steps_004.ron
PASS tests/oracle/generated_t1_300/t1_14_248_combat_strike_steps_005.ron
PASS tests/oracle/generated_t1_300/t1_14_249_combat_strike_steps_006.ron
PASS tests/oracle/generated_t1_300/t1_14_250_combat_strike_steps_007.ron
PASS tests/oracle/generated_t1_300/t1_14_251_combat_strike_steps_008.ron
PASS tests/oracle/generated_t1_300/t1_14_252_combat_strike_steps_009.ron
PASS tests/oracle/generated_t1_300/t1_14_253_combat_double_block_order_000.ron
PASS tests/oracle/generated_t1_300/t1_14_254_combat_double_block_order_001.ron
PASS tests/oracle/generated_t1_300/t1_14_255_combat_double_block_order_002.ron
PASS tests/oracle/generated_t1_300/t1_14_256_combat_double_block_order_003.ron
PASS tests/oracle/generated_t1_300/t1_14_257_combat_double_block_order_004.ron
PASS tests/oracle/generated_t1_300/t1_14_258_combat_double_block_order_005.ron
PASS tests/oracle/generated_t1_300/t1_14_259_combat_double_block_order_006.ron
PASS tests/oracle/generated_t1_300/t1_14_260_combat_double_block_order_007.ron
PASS tests/oracle/generated_t1_300/t1_14_261_combat_double_block_order_008.ron
PASS tests/oracle/generated_t1_300/t1_14_262_combat_double_block_order_009.ron
PASS tests/oracle/generated_t1_300/t1_14_263_combat_trample_deathtouch_000.ron
PASS tests/oracle/generated_t1_300/t1_14_264_combat_trample_deathtouch_001.ron
PASS tests/oracle/generated_t1_300/t1_14_265_combat_trample_deathtouch_002.ron
PASS tests/oracle/generated_t1_300/t1_14_266_combat_trample_deathtouch_003.ron
PASS tests/oracle/generated_t1_300/t1_14_267_combat_trample_deathtouch_004.ron
PASS tests/oracle/generated_t1_300/t1_14_268_combat_trample_deathtouch_005.ron
PASS tests/oracle/generated_t1_300/t1_14_269_combat_trample_deathtouch_006.ron
PASS tests/oracle/generated_t1_300/t1_14_270_combat_trample_deathtouch_007.ron
PASS tests/oracle/generated_t1_300/t1_14_271_combat_trample_deathtouch_008.ron
PASS tests/oracle/generated_t1_300/t1_14_272_combat_trample_deathtouch_009.ron
PASS tests/oracle/generated_t1_300/t1_14_273_combat_lifelink_unblocked_000.ron
PASS tests/oracle/generated_t1_300/t1_14_274_combat_lifelink_unblocked_001.ron
PASS tests/oracle/generated_t1_300/t1_14_275_combat_lifelink_unblocked_002.ron
PASS tests/oracle/generated_t1_300/t1_14_276_combat_lifelink_unblocked_003.ron
PASS tests/oracle/generated_t1_300/t1_14_277_combat_lifelink_unblocked_004.ron
PASS tests/oracle/generated_t1_300/t1_14_278_combat_lifelink_unblocked_005.ron
PASS tests/oracle/generated_t1_300/t1_14_279_combat_lifelink_unblocked_006.ron
PASS tests/oracle/generated_t1_300/t1_14_280_combat_lifelink_unblocked_007.ron
PASS tests/oracle/generated_t1_300/t1_14_281_combat_lifelink_unblocked_008.ron
PASS tests/oracle/generated_t1_300/t1_14_282_combat_lifelink_unblocked_009.ron
PASS tests/oracle/generated_t1_300/t1_14_283_cleanup_000.ron
PASS tests/oracle/generated_t1_300/t1_14_284_cleanup_001.ron
PASS tests/oracle/generated_t1_300/t1_14_285_cleanup_002.ron
PASS tests/oracle/generated_t1_300/t1_14_286_cleanup_003.ron
PASS tests/oracle/generated_t1_300/t1_14_287_cleanup_004.ron
PASS tests/oracle/generated_t1_300/t1_14_288_cleanup_005.ron
PASS tests/oracle/generated_t1_300/t1_14_289_cleanup_006.ron
PASS tests/oracle/generated_t1_300/t1_14_290_cleanup_007.ron
PASS tests/oracle/generated_t1_300/t1_14_291_cleanup_008.ron
PASS tests/oracle/generated_t1_300/t1_14_292_cleanup_009.ron
PASS tests/oracle/generated_t2_gate_622/t2_gate_001_plus_counter_characteristics_000.ron
PASS tests/oracle/generated_t2_gate_622/t2_gate_002_minus_counter_characteristics_001.ron
PASS tests/oracle/generated_t2_gate_622/t2_gate_003_plus_minus_cancel_002.ron
PASS tests/oracle/generated_t2_gate_622/t2_gate_004_named_counter_bookkeeping_003.ron
PASS tests/oracle/generated_t2_gate_622/t2_gate_005_plus_counter_characteristics_004.ron
PASS tests/oracle/generated_t2_gate_622/t2_gate_006_minus_counter_characteristics_005.ron
PASS tests/oracle/generated_t2_gate_622/t2_gate_007_plus_minus_cancel_006.ron
PASS tests/oracle/generated_t2_gate_622/t2_gate_008_named_counter_bookkeeping_007.ron
PASS tests/oracle/generated_t2_gate_622/t2_gate_009_plus_counter_characteristics_008.ron
PASS tests/oracle/generated_t2_gate_622/t2_gate_010_minus_counter_characteristics_009.ron
PASS tests/oracle/generated_t2_gate_622/t2_gate_011_plus_minus_cancel_010.ron
PASS tests/oracle/generated_t2_gate_622/t2_gate_012_named_counter_bookkeeping_011.ron
PASS tests/oracle/generated_t2_gate_622/t2_gate_013_plus_counter_characteristics_012.ron
PASS tests/oracle/generated_t2_gate_622/t2_gate_014_minus_counter_characteristics_013.ron
PASS tests/oracle/generated_t2_gate_622/t2_gate_015_plus_minus_cancel_014.ron
PASS tests/oracle/generated_t2_gate_622/t2_gate_016_named_counter_bookkeeping_015.ron
PASS tests/oracle/generated_t2_gate_622/t2_gate_017_plus_counter_characteristics_016.ron
PASS tests/oracle/generated_t2_gate_622/t2_gate_018_minus_counter_characteristics_017.ron
PASS tests/oracle/generated_t2_gate_622/t2_gate_019_plus_minus_cancel_018.ron
PASS tests/oracle/generated_t2_gate_622/t2_gate_020_named_counter_bookkeeping_019.ron
PASS tests/oracle/generated_t2_gate_622/t2_gate_021_plus_counter_characteristics_020.ron
PASS tests/oracle/generated_t2_gate_622/t2_gate_022_minus_counter_characteristics_021.ron
PASS tests/oracle/generated_t2_gate_622/t2_gate_023_plus_minus_cancel_022.ron
PASS tests/oracle/generated_t2_gate_622/t2_gate_024_named_counter_bookkeeping_023.ron
PASS tests/oracle/generated_t2_gate_622/t2_gate_025_plus_counter_characteristics_024.ron
PASS tests/oracle/generated_t2_gate_622/t2_gate_026_minus_counter_characteristics_025.ron
PASS tests/oracle/generated_t2_gate_622/t2_gate_027_plus_minus_cancel_026.ron
PASS tests/oracle/generated_t2_gate_622/t2_gate_028_named_counter_bookkeeping_027.ron
PASS tests/oracle/generated_t2_gate_622/t2_gate_029_plus_counter_characteristics_028.ron
PASS tests/oracle/generated_t2_gate_622/t2_gate_030_minus_counter_characteristics_029.ron
PASS tests/oracle/generated_t2_gate_622/t2_gate_031_plus_minus_cancel_030.ron
PASS tests/oracle/generated_t2_gate_622/t2_gate_032_named_counter_bookkeeping_031.ron
PASS tests/oracle/generated_t2_gate_622/t2_gate_033_plus_counter_characteristics_032.ron
PASS tests/oracle/generated_t2_gate_622/t2_gate_034_minus_counter_characteristics_033.ron
PASS tests/oracle/generated_t2_gate_622/t2_gate_035_plus_minus_cancel_034.ron
PASS tests/oracle/generated_t2_gate_622/t2_gate_036_named_counter_bookkeeping_035.ron
PASS tests/oracle/generated_t2_gate_622/t2_gate_037_plus_counter_characteristics_036.ron
PASS tests/oracle/generated_t2_gate_622/t2_gate_038_minus_counter_characteristics_037.ron
PASS tests/oracle/generated_t2_gate_622/t2_gate_039_plus_minus_cancel_038.ron
PASS tests/oracle/generated_t2_gate_622/t2_gate_040_named_counter_bookkeeping_039.ron
PASS tests/oracle/generated_t2_gate_622/t2_gate_041_plus_counter_characteristics_040.ron
PASS tests/oracle/generated_t2_gate_622/t2_gate_042_minus_counter_characteristics_041.ron
PASS tests/oracle/generated_t2_gate_622/t2_gate_043_plus_minus_cancel_042.ron
PASS tests/oracle/generated_t2_gate_622/t2_gate_044_named_counter_bookkeeping_043.ron
PASS tests/oracle/generated_t2_gate_622/t2_gate_045_plus_counter_characteristics_044.ron
PASS tests/oracle/generated_t2_gate_622/t2_gate_046_minus_counter_characteristics_045.ron
PASS tests/oracle/generated_t2_gate_622/t2_gate_047_plus_minus_cancel_046.ron
PASS tests/oracle/generated_t2_gate_622/t2_gate_048_named_counter_bookkeeping_047.ron
PASS tests/oracle/generated_t2_gate_622/t2_gate_049_plus_counter_characteristics_048.ron
PASS tests/oracle/generated_t2_gate_622/t2_gate_050_minus_counter_characteristics_049.ron
PASS tests/oracle/generated_t2_gate_622/t2_gate_051_plus_minus_cancel_050.ron
PASS tests/oracle/generated_t2_gate_622/t2_gate_052_named_counter_bookkeeping_051.ron
PASS tests/oracle/generated_t2_gate_622/t2_gate_053_plus_counter_characteristics_052.ron
PASS tests/oracle/generated_t2_gate_622/t2_gate_054_minus_counter_characteristics_053.ron
PASS tests/oracle/generated_t2_gate_622/t2_gate_055_plus_minus_cancel_054.ron
PASS tests/oracle/generated_t2_gate_622/t2_gate_056_named_counter_bookkeeping_055.ron
PASS tests/oracle/generated_t2_gate_622/t2_gate_057_plus_counter_characteristics_056.ron
PASS tests/oracle/generated_t2_gate_622/t2_gate_058_minus_counter_characteristics_057.ron
PASS tests/oracle/generated_t2_gate_622/t2_gate_059_plus_minus_cancel_058.ron
PASS tests/oracle/generated_t2_gate_622/t2_gate_060_named_counter_bookkeeping_059.ron
PASS tests/oracle/generated_t2_gate_622/t2_gate_061_plus_counter_characteristics_060.ron
PASS tests/oracle/generated_t2_gate_622/t2_gate_062_minus_counter_characteristics_061.ron
PASS tests/oracle/generated_t2_gate_622/t2_gate_063_plus_minus_cancel_062.ron
PASS tests/oracle/generated_t2_gate_622/t2_gate_064_named_counter_bookkeeping_063.ron
PASS tests/oracle/generated_t2_gate_622/t2_gate_065_plus_counter_characteristics_064.ron
PASS tests/oracle/generated_t2_gate_622/t2_gate_066_minus_counter_characteristics_065.ron
PASS tests/oracle/generated_t2_gate_622/t2_gate_067_plus_minus_cancel_066.ron
PASS tests/oracle/generated_t2_gate_622/t2_gate_068_named_counter_bookkeeping_067.ron
PASS tests/oracle/generated_t2_gate_622/t2_gate_069_plus_counter_characteristics_068.ron
PASS tests/oracle/generated_t2_gate_622/t2_gate_070_minus_counter_characteristics_069.ron
PASS tests/oracle/generated_t2_gate_622/t2_gate_071_plus_minus_cancel_070.ron
PASS tests/oracle/generated_t2_gate_622/t2_gate_072_named_counter_bookkeeping_071.ron
PASS tests/oracle/generated_t2_gate_622/t2_gate_073_plus_counter_characteristics_072.ron
PASS tests/oracle/generated_t2_gate_622/t2_gate_074_minus_counter_characteristics_073.ron
PASS tests/oracle/generated_t2_gate_622/t2_gate_075_plus_minus_cancel_074.ron
PASS tests/oracle/generated_t2_gate_622/t2_gate_076_named_counter_bookkeeping_075.ron
PASS tests/oracle/generated_t2_gate_622/t2_gate_077_plus_counter_characteristics_076.ron
PASS tests/oracle/generated_t2_gate_622/t2_gate_078_minus_counter_characteristics_077.ron
PASS tests/oracle/generated_t2_gate_622/t2_gate_079_plus_minus_cancel_078.ron
PASS tests/oracle/generated_t2_gate_622/t2_gate_080_named_counter_bookkeeping_079.ron
PASS tests/oracle/generated_t2_gate_622/t2_gate_081_plus_counter_characteristics_080.ron
PASS tests/oracle/generated_t2_gate_622/t2_gate_082_minus_counter_characteristics_081.ron
PASS tests/oracle/generated_t2_gate_622/t2_gate_083_plus_minus_cancel_082.ron
PASS tests/oracle/generated_t2_gate_622/t2_gate_084_named_counter_bookkeeping_083.ron
PASS tests/oracle/generated_t2_gate_622/t2_gate_085_plus_counter_characteristics_084.ron
PASS tests/oracle/generated_t2_gate_622/t2_gate_086_minus_counter_characteristics_085.ron
PASS tests/oracle/generated_t2_gate_622/t2_gate_087_plus_minus_cancel_086.ron
PASS tests/oracle/generated_t2_gate_622/t2_gate_088_named_counter_bookkeeping_087.ron
PASS tests/oracle/generated_t2_gate_622/t2_gate_089_plus_counter_characteristics_088.ron
PASS tests/oracle/generated_t2_gate_622/t2_gate_090_minus_counter_characteristics_089.ron
PASS tests/oracle/generated_t2_gate_622/t2_gate_091_plus_minus_cancel_090.ron
PASS tests/oracle/generated_t2_gate_622/t2_gate_092_named_counter_bookkeeping_091.ron
PASS tests/oracle/generated_t2_gate_622/t2_gate_093_plus_counter_characteristics_092.ron
PASS tests/oracle/generated_t2_gate_622/t2_gate_094_minus_counter_characteristics_093.ron
PASS tests/oracle/generated_t2_gate_622/t2_gate_095_plus_minus_cancel_094.ron
PASS tests/oracle/generated_t2_gate_622/t2_gate_096_named_counter_bookkeeping_095.ron
PASS tests/oracle/generated_t2_gate_622/t2_gate_097_plus_counter_characteristics_096.ron
PASS tests/oracle/generated_t2_gate_622/t2_gate_098_minus_counter_characteristics_097.ron
PASS tests/oracle/generated_t2_gate_622/t2_gate_099_plus_minus_cancel_098.ron
PASS tests/oracle/generated_t2_gate_622/t2_gate_100_named_counter_bookkeeping_099.ron
PASS tests/oracle/generated_t2_gate_622/t2_gate_101_plus_counter_characteristics_100.ron
PASS tests/oracle/generated_t2_gate_622/t2_gate_102_minus_counter_characteristics_101.ron
PASS tests/oracle/generated_t2_gate_622/t2_gate_103_plus_minus_cancel_102.ron
PASS tests/oracle/generated_t2_gate_622/t2_gate_104_named_counter_bookkeeping_103.ron
PASS tests/oracle/generated_t2_gate_622/t2_gate_105_plus_counter_characteristics_104.ron
PASS tests/oracle/generated_t2_gate_622/t2_gate_106_minus_counter_characteristics_105.ron
PASS tests/oracle/generated_t2_gate_622/t2_gate_107_plus_minus_cancel_106.ron
PASS tests/oracle/generated_t2_gate_622/t2_gate_108_named_counter_bookkeeping_107.ron
PASS tests/oracle/generated_t2_gate_622/t2_gate_109_plus_counter_characteristics_108.ron
PASS tests/oracle/generated_t2_gate_622/t2_gate_110_minus_counter_characteristics_109.ron
PASS tests/oracle/generated_t2_gate_622/t2_gate_111_plus_minus_cancel_110.ron
PASS tests/oracle/generated_t2_gate_622/t2_gate_112_named_counter_bookkeeping_111.ron
PASS tests/oracle/generated_t2_gate_622/t2_gate_113_plus_counter_characteristics_112.ron
PASS tests/oracle/generated_t2_gate_622/t2_gate_114_minus_counter_characteristics_113.ron
PASS tests/oracle/generated_t2_gate_622/t2_gate_115_plus_minus_cancel_114.ron
PASS tests/oracle/generated_t2_gate_622/t2_gate_116_named_counter_bookkeeping_115.ron
PASS tests/oracle/generated_t2_gate_622/t2_gate_117_plus_counter_characteristics_116.ron
PASS tests/oracle/generated_t2_gate_622/t2_gate_118_minus_counter_characteristics_117.ron
PASS tests/oracle/generated_t2_gate_622/t2_gate_119_plus_minus_cancel_118.ron
PASS tests/oracle/generated_t2_gate_622/t2_gate_120_named_counter_bookkeeping_119.ron
PASS tests/oracle/generated_t2_gate_622/t2_gate_121_token_characteristics_000.ron
PASS tests/oracle/generated_t2_gate_622/t2_gate_122_token_ceases_off_battlefield_001.ron
PASS tests/oracle/generated_t2_gate_622/t2_gate_123_permanent_copy_characteristics_002.ron
PASS tests/oracle/generated_t2_gate_622/t2_gate_124_token_copy_ceases_003.ron
PASS tests/oracle/generated_t2_gate_622/t2_gate_125_token_characteristics_004.ron
PASS tests/oracle/generated_t2_gate_622/t2_gate_126_token_ceases_off_battlefield_005.ron
PASS tests/oracle/generated_t2_gate_622/t2_gate_127_permanent_copy_characteristics_006.ron
PASS tests/oracle/generated_t2_gate_622/t2_gate_128_token_copy_ceases_007.ron
PASS tests/oracle/generated_t2_gate_622/t2_gate_129_token_characteristics_008.ron
PASS tests/oracle/generated_t2_gate_622/t2_gate_130_token_ceases_off_battlefield_009.ron
PASS tests/oracle/generated_t2_gate_622/t2_gate_131_permanent_copy_characteristics_010.ron
PASS tests/oracle/generated_t2_gate_622/t2_gate_132_token_copy_ceases_011.ron
PASS tests/oracle/generated_t2_gate_622/t2_gate_133_token_characteristics_012.ron
PASS tests/oracle/generated_t2_gate_622/t2_gate_134_token_ceases_off_battlefield_013.ron
PASS tests/oracle/generated_t2_gate_622/t2_gate_135_permanent_copy_characteristics_014.ron
PASS tests/oracle/generated_t2_gate_622/t2_gate_136_token_copy_ceases_015.ron
PASS tests/oracle/generated_t2_gate_622/t2_gate_137_token_characteristics_016.ron
PASS tests/oracle/generated_t2_gate_622/t2_gate_138_token_ceases_off_battlefield_017.ron
PASS tests/oracle/generated_t2_gate_622/t2_gate_139_permanent_copy_characteristics_018.ron
PASS tests/oracle/generated_t2_gate_622/t2_gate_140_token_copy_ceases_019.ron
PASS tests/oracle/generated_t2_gate_622/t2_gate_141_token_characteristics_020.ron
PASS tests/oracle/generated_t2_gate_622/t2_gate_142_token_ceases_off_battlefield_021.ron
PASS tests/oracle/generated_t2_gate_622/t2_gate_143_permanent_copy_characteristics_022.ron
PASS tests/oracle/generated_t2_gate_622/t2_gate_144_token_copy_ceases_023.ron
PASS tests/oracle/generated_t2_gate_622/t2_gate_145_token_characteristics_024.ron
PASS tests/oracle/generated_t2_gate_622/t2_gate_146_token_ceases_off_battlefield_025.ron
PASS tests/oracle/generated_t2_gate_622/t2_gate_147_permanent_copy_characteristics_026.ron
PASS tests/oracle/generated_t2_gate_622/t2_gate_148_token_copy_ceases_027.ron
PASS tests/oracle/generated_t2_gate_622/t2_gate_149_token_characteristics_028.ron
PASS tests/oracle/generated_t2_gate_622/t2_gate_150_token_ceases_off_battlefield_029.ron
PASS tests/oracle/generated_t2_gate_622/t2_gate_151_permanent_copy_characteristics_030.ron
PASS tests/oracle/generated_t2_gate_622/t2_gate_152_token_copy_ceases_031.ron
PASS tests/oracle/generated_t2_gate_622/t2_gate_153_token_characteristics_032.ron
PASS tests/oracle/generated_t2_gate_622/t2_gate_154_token_ceases_off_battlefield_033.ron
PASS tests/oracle/generated_t2_gate_622/t2_gate_155_permanent_copy_characteristics_034.ron
PASS tests/oracle/generated_t2_gate_622/t2_gate_156_token_copy_ceases_035.ron
PASS tests/oracle/generated_t2_gate_622/t2_gate_157_token_characteristics_036.ron
PASS tests/oracle/generated_t2_gate_622/t2_gate_158_token_ceases_off_battlefield_037.ron
PASS tests/oracle/generated_t2_gate_622/t2_gate_159_permanent_copy_characteristics_038.ron
PASS tests/oracle/generated_t2_gate_622/t2_gate_160_token_copy_ceases_039.ron
PASS tests/oracle/generated_t2_gate_622/t2_gate_161_token_characteristics_040.ron
PASS tests/oracle/generated_t2_gate_622/t2_gate_162_token_ceases_off_battlefield_041.ron
PASS tests/oracle/generated_t2_gate_622/t2_gate_163_permanent_copy_characteristics_042.ron
PASS tests/oracle/generated_t2_gate_622/t2_gate_164_token_copy_ceases_043.ron
PASS tests/oracle/generated_t2_gate_622/t2_gate_165_token_characteristics_044.ron
PASS tests/oracle/generated_t2_gate_622/t2_gate_166_token_ceases_off_battlefield_045.ron
PASS tests/oracle/generated_t2_gate_622/t2_gate_167_permanent_copy_characteristics_046.ron
PASS tests/oracle/generated_t2_gate_622/t2_gate_168_token_copy_ceases_047.ron
PASS tests/oracle/generated_t2_gate_622/t2_gate_169_token_characteristics_048.ron
PASS tests/oracle/generated_t2_gate_622/t2_gate_170_token_ceases_off_battlefield_049.ron
PASS tests/oracle/generated_t2_gate_622/t2_gate_171_permanent_copy_characteristics_050.ron
PASS tests/oracle/generated_t2_gate_622/t2_gate_172_token_copy_ceases_051.ron
PASS tests/oracle/generated_t2_gate_622/t2_gate_173_token_characteristics_052.ron
PASS tests/oracle/generated_t2_gate_622/t2_gate_174_token_ceases_off_battlefield_053.ron
PASS tests/oracle/generated_t2_gate_622/t2_gate_175_permanent_copy_characteristics_054.ron
PASS tests/oracle/generated_t2_gate_622/t2_gate_176_token_copy_ceases_055.ron
PASS tests/oracle/generated_t2_gate_622/t2_gate_177_token_characteristics_056.ron
PASS tests/oracle/generated_t2_gate_622/t2_gate_178_token_ceases_off_battlefield_057.ron
PASS tests/oracle/generated_t2_gate_622/t2_gate_179_permanent_copy_characteristics_058.ron
PASS tests/oracle/generated_t2_gate_622/t2_gate_180_token_copy_ceases_059.ron
PASS tests/oracle/generated_t2_gate_622/t2_gate_181_token_characteristics_060.ron
PASS tests/oracle/generated_t2_gate_622/t2_gate_182_token_ceases_off_battlefield_061.ron
PASS tests/oracle/generated_t2_gate_622/t2_gate_183_permanent_copy_characteristics_062.ron
PASS tests/oracle/generated_t2_gate_622/t2_gate_184_token_copy_ceases_063.ron
PASS tests/oracle/generated_t2_gate_622/t2_gate_185_token_characteristics_064.ron
PASS tests/oracle/generated_t2_gate_622/t2_gate_186_token_ceases_off_battlefield_065.ron
PASS tests/oracle/generated_t2_gate_622/t2_gate_187_permanent_copy_characteristics_066.ron
PASS tests/oracle/generated_t2_gate_622/t2_gate_188_token_copy_ceases_067.ron
PASS tests/oracle/generated_t2_gate_622/t2_gate_189_token_characteristics_068.ron
PASS tests/oracle/generated_t2_gate_622/t2_gate_190_token_ceases_off_battlefield_069.ron
PASS tests/oracle/generated_t2_gate_622/t2_gate_191_permanent_copy_characteristics_070.ron
PASS tests/oracle/generated_t2_gate_622/t2_gate_192_token_copy_ceases_071.ron
PASS tests/oracle/generated_t2_gate_622/t2_gate_193_token_characteristics_072.ron
PASS tests/oracle/generated_t2_gate_622/t2_gate_194_token_ceases_off_battlefield_073.ron
PASS tests/oracle/generated_t2_gate_622/t2_gate_195_permanent_copy_characteristics_074.ron
PASS tests/oracle/generated_t2_gate_622/t2_gate_196_token_copy_ceases_075.ron
PASS tests/oracle/generated_t2_gate_622/t2_gate_197_token_characteristics_076.ron
PASS tests/oracle/generated_t2_gate_622/t2_gate_198_token_ceases_off_battlefield_077.ron
PASS tests/oracle/generated_t2_gate_622/t2_gate_199_permanent_copy_characteristics_078.ron
PASS tests/oracle/generated_t2_gate_622/t2_gate_200_token_copy_ceases_079.ron
PASS tests/oracle/generated_t2_gate_622/t2_gate_201_token_characteristics_080.ron
PASS tests/oracle/generated_t2_gate_622/t2_gate_202_token_ceases_off_battlefield_081.ron
PASS tests/oracle/generated_t2_gate_622/t2_gate_203_permanent_copy_characteristics_082.ron
PASS tests/oracle/generated_t2_gate_622/t2_gate_204_token_copy_ceases_083.ron
PASS tests/oracle/generated_t2_gate_622/t2_gate_205_token_characteristics_084.ron
PASS tests/oracle/generated_t2_gate_622/t2_gate_206_token_ceases_off_battlefield_085.ron
PASS tests/oracle/generated_t2_gate_622/t2_gate_207_permanent_copy_characteristics_086.ron
PASS tests/oracle/generated_t2_gate_622/t2_gate_208_token_copy_ceases_087.ron
PASS tests/oracle/generated_t2_gate_622/t2_gate_209_token_characteristics_088.ron
PASS tests/oracle/generated_t2_gate_622/t2_gate_210_token_ceases_off_battlefield_089.ron
PASS tests/oracle/generated_t2_gate_622/t2_gate_211_permanent_copy_characteristics_090.ron
PASS tests/oracle/generated_t2_gate_622/t2_gate_212_token_copy_ceases_091.ron
PASS tests/oracle/generated_t2_gate_622/t2_gate_213_token_characteristics_092.ron
PASS tests/oracle/generated_t2_gate_622/t2_gate_214_token_ceases_off_battlefield_093.ron
PASS tests/oracle/generated_t2_gate_622/t2_gate_215_permanent_copy_characteristics_094.ron
PASS tests/oracle/generated_t2_gate_622/t2_gate_216_token_copy_ceases_095.ron
PASS tests/oracle/generated_t2_gate_622/t2_gate_217_token_characteristics_096.ron
PASS tests/oracle/generated_t2_gate_622/t2_gate_218_token_ceases_off_battlefield_097.ron
PASS tests/oracle/generated_t2_gate_622/t2_gate_219_permanent_copy_characteristics_098.ron
PASS tests/oracle/generated_t2_gate_622/t2_gate_220_token_copy_ceases_099.ron
PASS tests/oracle/generated_t2_gate_622/t2_gate_221_commander_tax_000.ron
PASS tests/oracle/generated_t2_gate_622/t2_gate_222_commander_identity_legal_001.ron
PASS tests/oracle/generated_t2_gate_622/t2_gate_223_commander_identity_illegal_002.ron
PASS tests/oracle/generated_t2_gate_622/t2_gate_224_multiplayer_turn_order_003.ron
PASS tests/oracle/generated_t2_gate_622/t2_gate_225_commander_tax_004.ron
PASS tests/oracle/generated_t2_gate_622/t2_gate_226_commander_identity_legal_005.ron
PASS tests/oracle/generated_t2_gate_622/t2_gate_227_commander_identity_illegal_006.ron
PASS tests/oracle/generated_t2_gate_622/t2_gate_228_multiplayer_turn_order_007.ron
PASS tests/oracle/generated_t2_gate_622/t2_gate_229_commander_tax_008.ron
PASS tests/oracle/generated_t2_gate_622/t2_gate_230_commander_identity_legal_009.ron
PASS tests/oracle/generated_t2_gate_622/t2_gate_231_commander_identity_illegal_010.ron
PASS tests/oracle/generated_t2_gate_622/t2_gate_232_multiplayer_turn_order_011.ron
PASS tests/oracle/generated_t2_gate_622/t2_gate_233_commander_tax_012.ron
PASS tests/oracle/generated_t2_gate_622/t2_gate_234_commander_identity_legal_013.ron
PASS tests/oracle/generated_t2_gate_622/t2_gate_235_commander_identity_illegal_014.ron
PASS tests/oracle/generated_t2_gate_622/t2_gate_236_multiplayer_turn_order_015.ron
PASS tests/oracle/generated_t2_gate_622/t2_gate_237_commander_tax_016.ron
PASS tests/oracle/generated_t2_gate_622/t2_gate_238_commander_identity_legal_017.ron
PASS tests/oracle/generated_t2_gate_622/t2_gate_239_commander_identity_illegal_018.ron
PASS tests/oracle/generated_t2_gate_622/t2_gate_240_multiplayer_turn_order_019.ron
PASS tests/oracle/generated_t2_gate_622/t2_gate_241_commander_tax_020.ron
PASS tests/oracle/generated_t2_gate_622/t2_gate_242_commander_identity_legal_021.ron
PASS tests/oracle/generated_t2_gate_622/t2_gate_243_commander_identity_illegal_022.ron
PASS tests/oracle/generated_t2_gate_622/t2_gate_244_multiplayer_turn_order_023.ron
PASS tests/oracle/generated_t2_gate_622/t2_gate_245_commander_tax_024.ron
PASS tests/oracle/generated_t2_gate_622/t2_gate_246_commander_identity_legal_025.ron
PASS tests/oracle/generated_t2_gate_622/t2_gate_247_commander_identity_illegal_026.ron
PASS tests/oracle/generated_t2_gate_622/t2_gate_248_multiplayer_turn_order_027.ron
PASS tests/oracle/generated_t2_gate_622/t2_gate_249_commander_tax_028.ron
PASS tests/oracle/generated_t2_gate_622/t2_gate_250_commander_identity_legal_029.ron
PASS tests/oracle/generated_t2_gate_622/t2_gate_251_commander_identity_illegal_030.ron
PASS tests/oracle/generated_t2_gate_622/t2_gate_252_multiplayer_turn_order_031.ron
PASS tests/oracle/generated_t2_gate_622/t2_gate_253_commander_tax_032.ron
PASS tests/oracle/generated_t2_gate_622/t2_gate_254_commander_identity_legal_033.ron
PASS tests/oracle/generated_t2_gate_622/t2_gate_255_commander_identity_illegal_034.ron
PASS tests/oracle/generated_t2_gate_622/t2_gate_256_multiplayer_turn_order_035.ron
PASS tests/oracle/generated_t2_gate_622/t2_gate_257_commander_tax_036.ron
PASS tests/oracle/generated_t2_gate_622/t2_gate_258_commander_identity_legal_037.ron
PASS tests/oracle/generated_t2_gate_622/t2_gate_259_commander_identity_illegal_038.ron
PASS tests/oracle/generated_t2_gate_622/t2_gate_260_multiplayer_turn_order_039.ron
PASS tests/oracle/generated_t2_gate_622/t2_gate_261_commander_tax_040.ron
PASS tests/oracle/generated_t2_gate_622/t2_gate_262_commander_identity_legal_041.ron
PASS tests/oracle/generated_t2_gate_622/t2_gate_263_commander_identity_illegal_042.ron
PASS tests/oracle/generated_t2_gate_622/t2_gate_264_multiplayer_turn_order_043.ron
PASS tests/oracle/generated_t2_gate_622/t2_gate_265_commander_tax_044.ron
PASS tests/oracle/generated_t2_gate_622/t2_gate_266_commander_identity_legal_045.ron
PASS tests/oracle/generated_t2_gate_622/t2_gate_267_commander_identity_illegal_046.ron
PASS tests/oracle/generated_t2_gate_622/t2_gate_268_multiplayer_turn_order_047.ron
PASS tests/oracle/generated_t2_gate_622/t2_gate_269_commander_tax_048.ron
PASS tests/oracle/generated_t2_gate_622/t2_gate_270_commander_identity_legal_049.ron
PASS tests/oracle/generated_t2_gate_622/t2_gate_271_commander_identity_illegal_050.ron
PASS tests/oracle/generated_t2_gate_622/t2_gate_272_multiplayer_turn_order_051.ron
PASS tests/oracle/generated_t2_gate_622/t2_gate_273_commander_tax_052.ron
PASS tests/oracle/generated_t2_gate_622/t2_gate_274_commander_identity_legal_053.ron
PASS tests/oracle/generated_t2_gate_622/t2_gate_275_commander_identity_illegal_054.ron
PASS tests/oracle/generated_t2_gate_622/t2_gate_276_multiplayer_turn_order_055.ron
PASS tests/oracle/generated_t2_gate_622/t2_gate_277_commander_tax_056.ron
PASS tests/oracle/generated_t2_gate_622/t2_gate_278_commander_identity_legal_057.ron
PASS tests/oracle/generated_t2_gate_622/t2_gate_279_commander_identity_illegal_058.ron
PASS tests/oracle/generated_t2_gate_622/t2_gate_280_multiplayer_turn_order_059.ron
PASS tests/oracle/generated_t2_gate_622/t2_gate_281_commander_tax_060.ron
PASS tests/oracle/generated_t2_gate_622/t2_gate_282_commander_identity_legal_061.ron
PASS tests/oracle/generated_t2_gate_622/t2_gate_283_commander_identity_illegal_062.ron
PASS tests/oracle/generated_t2_gate_622/t2_gate_284_multiplayer_turn_order_063.ron
PASS tests/oracle/generated_t2_gate_622/t2_gate_285_commander_tax_064.ron
PASS tests/oracle/generated_t2_gate_622/t2_gate_286_commander_identity_legal_065.ron
PASS tests/oracle/generated_t2_gate_622/t2_gate_287_commander_identity_illegal_066.ron
PASS tests/oracle/generated_t2_gate_622/t2_gate_288_multiplayer_turn_order_067.ron
PASS tests/oracle/generated_t2_gate_622/t2_gate_289_commander_tax_068.ron
PASS tests/oracle/generated_t2_gate_622/t2_gate_290_commander_identity_legal_069.ron
PASS tests/oracle/generated_t2_gate_622/t2_gate_291_commander_identity_illegal_070.ron
PASS tests/oracle/generated_t2_gate_622/t2_gate_292_multiplayer_turn_order_071.ron
PASS tests/oracle/generated_t2_gate_622/t2_gate_293_commander_tax_072.ron
PASS tests/oracle/generated_t2_gate_622/t2_gate_294_commander_identity_legal_073.ron
PASS tests/oracle/generated_t2_gate_622/t2_gate_295_commander_identity_illegal_074.ron
PASS tests/oracle/generated_t2_gate_622/t2_gate_296_multiplayer_turn_order_075.ron
PASS tests/oracle/generated_t2_gate_622/t2_gate_297_commander_tax_076.ron
PASS tests/oracle/generated_t2_gate_622/t2_gate_298_commander_identity_legal_077.ron
PASS tests/oracle/generated_t2_gate_622/t2_gate_299_commander_identity_illegal_078.ron
PASS tests/oracle/generated_t2_gate_622/t2_gate_300_multiplayer_turn_order_079.ron
PASS tests/oracle/generated_t2_gate_622/t2_gate_301_commander_tax_080.ron
PASS tests/oracle/generated_t2_gate_622/t2_gate_302_commander_identity_legal_081.ron
PASS tests/oracle/generated_t2_gate_622/t2_gate_303_commander_identity_illegal_082.ron
PASS tests/oracle/generated_t2_gate_622/t2_gate_304_multiplayer_turn_order_083.ron
PASS tests/oracle/generated_t2_gate_622/t2_gate_305_commander_tax_084.ron
PASS tests/oracle/generated_t2_gate_622/t2_gate_306_commander_identity_legal_085.ron
PASS tests/oracle/generated_t2_gate_622/t2_gate_307_commander_identity_illegal_086.ron
PASS tests/oracle/generated_t2_gate_622/t2_gate_308_multiplayer_turn_order_087.ron
PASS tests/oracle/generated_t2_gate_622/t2_gate_309_commander_tax_088.ron
PASS tests/oracle/generated_t2_gate_622/t2_gate_310_commander_identity_legal_089.ron
PASS tests/oracle/generated_t2_gate_622/t2_gate_311_commander_identity_illegal_090.ron
PASS tests/oracle/generated_t2_gate_622/t2_gate_312_multiplayer_turn_order_091.ron
PASS tests/oracle/generated_t2_gate_622/t2_gate_313_commander_tax_092.ron
PASS tests/oracle/generated_t2_gate_622/t2_gate_314_commander_identity_legal_093.ron
PASS tests/oracle/generated_t2_gate_622/t2_gate_315_commander_identity_illegal_094.ron
PASS tests/oracle/generated_t2_gate_622/t2_gate_316_multiplayer_turn_order_095.ron
PASS tests/oracle/generated_t2_gate_622/t2_gate_317_commander_tax_096.ron
PASS tests/oracle/generated_t2_gate_622/t2_gate_318_commander_identity_legal_097.ron
PASS tests/oracle/generated_t2_gate_622/t2_gate_319_commander_identity_illegal_098.ron
PASS tests/oracle/generated_t2_gate_622/t2_gate_320_multiplayer_turn_order_099.ron
PASS tests/oracle/generated_t2_gate_622/t2_gate_321_shroud_blocks_target_000.ron
PASS tests/oracle/generated_t2_gate_622/t2_gate_322_hexproof_owner_exception_001.ron
PASS tests/oracle/generated_t2_gate_622/t2_gate_323_protection_color_source_002.ron
PASS tests/oracle/generated_t2_gate_622/t2_gate_324_cannot_attack_restriction_003.ron
PASS tests/oracle/generated_t2_gate_622/t2_gate_325_shroud_blocks_target_004.ron
PASS tests/oracle/generated_t2_gate_622/t2_gate_326_hexproof_owner_exception_005.ron
PASS tests/oracle/generated_t2_gate_622/t2_gate_327_protection_color_source_006.ron
PASS tests/oracle/generated_t2_gate_622/t2_gate_328_cannot_attack_restriction_007.ron
PASS tests/oracle/generated_t2_gate_622/t2_gate_329_shroud_blocks_target_008.ron
PASS tests/oracle/generated_t2_gate_622/t2_gate_330_hexproof_owner_exception_009.ron
PASS tests/oracle/generated_t2_gate_622/t2_gate_331_protection_color_source_010.ron
PASS tests/oracle/generated_t2_gate_622/t2_gate_332_cannot_attack_restriction_011.ron
PASS tests/oracle/generated_t2_gate_622/t2_gate_333_shroud_blocks_target_012.ron
PASS tests/oracle/generated_t2_gate_622/t2_gate_334_hexproof_owner_exception_013.ron
PASS tests/oracle/generated_t2_gate_622/t2_gate_335_protection_color_source_014.ron
PASS tests/oracle/generated_t2_gate_622/t2_gate_336_cannot_attack_restriction_015.ron
PASS tests/oracle/generated_t2_gate_622/t2_gate_337_shroud_blocks_target_016.ron
PASS tests/oracle/generated_t2_gate_622/t2_gate_338_hexproof_owner_exception_017.ron
PASS tests/oracle/generated_t2_gate_622/t2_gate_339_protection_color_source_018.ron
PASS tests/oracle/generated_t2_gate_622/t2_gate_340_cannot_attack_restriction_019.ron
PASS tests/oracle/generated_t2_gate_622/t2_gate_341_shroud_blocks_target_020.ron
PASS tests/oracle/generated_t2_gate_622/t2_gate_342_hexproof_owner_exception_021.ron
PASS tests/oracle/generated_t2_gate_622/t2_gate_343_protection_color_source_022.ron
PASS tests/oracle/generated_t2_gate_622/t2_gate_344_cannot_attack_restriction_023.ron
PASS tests/oracle/generated_t2_gate_622/t2_gate_345_shroud_blocks_target_024.ron
PASS tests/oracle/generated_t2_gate_622/t2_gate_346_hexproof_owner_exception_025.ron
PASS tests/oracle/generated_t2_gate_622/t2_gate_347_protection_color_source_026.ron
PASS tests/oracle/generated_t2_gate_622/t2_gate_348_cannot_attack_restriction_027.ron
PASS tests/oracle/generated_t2_gate_622/t2_gate_349_shroud_blocks_target_028.ron
PASS tests/oracle/generated_t2_gate_622/t2_gate_350_hexproof_owner_exception_029.ron
PASS tests/oracle/generated_t2_gate_622/t2_gate_351_protection_color_source_030.ron
PASS tests/oracle/generated_t2_gate_622/t2_gate_352_cannot_attack_restriction_031.ron
PASS tests/oracle/generated_t2_gate_622/t2_gate_353_shroud_blocks_target_032.ron
PASS tests/oracle/generated_t2_gate_622/t2_gate_354_hexproof_owner_exception_033.ron
PASS tests/oracle/generated_t2_gate_622/t2_gate_355_protection_color_source_034.ron
PASS tests/oracle/generated_t2_gate_622/t2_gate_356_cannot_attack_restriction_035.ron
PASS tests/oracle/generated_t2_gate_622/t2_gate_357_shroud_blocks_target_036.ron
PASS tests/oracle/generated_t2_gate_622/t2_gate_358_hexproof_owner_exception_037.ron
PASS tests/oracle/generated_t2_gate_622/t2_gate_359_protection_color_source_038.ron
PASS tests/oracle/generated_t2_gate_622/t2_gate_360_cannot_attack_restriction_039.ron
PASS tests/oracle/generated_t2_gate_622/t2_gate_361_shroud_blocks_target_040.ron
PASS tests/oracle/generated_t2_gate_622/t2_gate_362_hexproof_owner_exception_041.ron
PASS tests/oracle/generated_t2_gate_622/t2_gate_363_protection_color_source_042.ron
PASS tests/oracle/generated_t2_gate_622/t2_gate_364_cannot_attack_restriction_043.ron
PASS tests/oracle/generated_t2_gate_622/t2_gate_365_shroud_blocks_target_044.ron
PASS tests/oracle/generated_t2_gate_622/t2_gate_366_hexproof_owner_exception_045.ron
PASS tests/oracle/generated_t2_gate_622/t2_gate_367_protection_color_source_046.ron
PASS tests/oracle/generated_t2_gate_622/t2_gate_368_cannot_attack_restriction_047.ron
PASS tests/oracle/generated_t2_gate_622/t2_gate_369_shroud_blocks_target_048.ron
PASS tests/oracle/generated_t2_gate_622/t2_gate_370_hexproof_owner_exception_049.ron
PASS tests/oracle/generated_t2_gate_622/t2_gate_371_protection_color_source_050.ron
PASS tests/oracle/generated_t2_gate_622/t2_gate_372_cannot_attack_restriction_051.ron
PASS tests/oracle/generated_t2_gate_622/t2_gate_373_shroud_blocks_target_052.ron
PASS tests/oracle/generated_t2_gate_622/t2_gate_374_hexproof_owner_exception_053.ron
PASS tests/oracle/generated_t2_gate_622/t2_gate_375_protection_color_source_054.ron
PASS tests/oracle/generated_t2_gate_622/t2_gate_376_cannot_attack_restriction_055.ron
PASS tests/oracle/generated_t2_gate_622/t2_gate_377_shroud_blocks_target_056.ron
PASS tests/oracle/generated_t2_gate_622/t2_gate_378_hexproof_owner_exception_057.ron
PASS tests/oracle/generated_t2_gate_622/t2_gate_379_protection_color_source_058.ron
PASS tests/oracle/generated_t2_gate_622/t2_gate_380_cannot_attack_restriction_059.ron
PASS tests/oracle/generated_t2_gate_622/t2_gate_381_shroud_blocks_target_060.ron
PASS tests/oracle/generated_t2_gate_622/t2_gate_382_hexproof_owner_exception_061.ron
PASS tests/oracle/generated_t2_gate_622/t2_gate_383_protection_color_source_062.ron
PASS tests/oracle/generated_t2_gate_622/t2_gate_384_cannot_attack_restriction_063.ron
PASS tests/oracle/generated_t2_gate_622/t2_gate_385_shroud_blocks_target_064.ron
PASS tests/oracle/generated_t2_gate_622/t2_gate_386_hexproof_owner_exception_065.ron
PASS tests/oracle/generated_t2_gate_622/t2_gate_387_protection_color_source_066.ron
PASS tests/oracle/generated_t2_gate_622/t2_gate_388_cannot_attack_restriction_067.ron
PASS tests/oracle/generated_t2_gate_622/t2_gate_389_shroud_blocks_target_068.ron
PASS tests/oracle/generated_t2_gate_622/t2_gate_390_hexproof_owner_exception_069.ron
PASS tests/oracle/generated_t2_gate_622/t2_gate_391_protection_color_source_070.ron
PASS tests/oracle/generated_t2_gate_622/t2_gate_392_cannot_attack_restriction_071.ron
PASS tests/oracle/generated_t2_gate_622/t2_gate_393_shroud_blocks_target_072.ron
PASS tests/oracle/generated_t2_gate_622/t2_gate_394_hexproof_owner_exception_073.ron
PASS tests/oracle/generated_t2_gate_622/t2_gate_395_protection_color_source_074.ron
PASS tests/oracle/generated_t2_gate_622/t2_gate_396_cannot_attack_restriction_075.ron
PASS tests/oracle/generated_t2_gate_622/t2_gate_397_shroud_blocks_target_076.ron
PASS tests/oracle/generated_t2_gate_622/t2_gate_398_hexproof_owner_exception_077.ron
PASS tests/oracle/generated_t2_gate_622/t2_gate_399_protection_color_source_078.ron
PASS tests/oracle/generated_t2_gate_622/t2_gate_400_cannot_attack_restriction_079.ron
PASS tests/oracle/generated_t2_gate_622/t2_gate_401_shroud_blocks_target_080.ron
PASS tests/oracle/generated_t2_gate_622/t2_gate_402_hexproof_owner_exception_081.ron
PASS tests/oracle/generated_t2_gate_622/t2_gate_403_protection_color_source_082.ron
PASS tests/oracle/generated_t2_gate_622/t2_gate_404_cannot_attack_restriction_083.ron
PASS tests/oracle/generated_t2_gate_622/t2_gate_405_shroud_blocks_target_084.ron
PASS tests/oracle/generated_t2_gate_622/t2_gate_406_hexproof_owner_exception_085.ron
PASS tests/oracle/generated_t2_gate_622/t2_gate_407_protection_color_source_086.ron
PASS tests/oracle/generated_t2_gate_622/t2_gate_408_cannot_attack_restriction_087.ron
PASS tests/oracle/generated_t2_gate_622/t2_gate_409_shroud_blocks_target_088.ron
PASS tests/oracle/generated_t2_gate_622/t2_gate_410_hexproof_owner_exception_089.ron
PASS tests/oracle/generated_t2_gate_622/t2_gate_411_protection_color_source_090.ron
PASS tests/oracle/generated_t2_gate_622/t2_gate_412_cannot_attack_restriction_091.ron
PASS tests/oracle/generated_t2_gate_622/t2_gate_413_shroud_blocks_target_092.ron
PASS tests/oracle/generated_t2_gate_622/t2_gate_414_hexproof_owner_exception_093.ron
PASS tests/oracle/generated_t2_gate_622/t2_gate_415_protection_color_source_094.ron
PASS tests/oracle/generated_t2_gate_622/t2_gate_416_cannot_attack_restriction_095.ron
PASS tests/oracle/generated_t2_gate_622/t2_gate_417_shroud_blocks_target_096.ron
PASS tests/oracle/generated_t2_gate_622/t2_gate_418_hexproof_owner_exception_097.ron
PASS tests/oracle/generated_t2_gate_622/t2_gate_419_protection_color_source_098.ron
PASS tests/oracle/generated_t2_gate_622/t2_gate_420_cannot_attack_restriction_099.ron
PASS tests/oracle/generated_t2_gate_622/t2_gate_421_layer_color_timestamp_000.ron
PASS tests/oracle/generated_t2_gate_622/t2_gate_422_layer_type_keyword_pt_stack_001.ron
PASS tests/oracle/generated_t2_gate_622/t2_gate_423_layer_copy_then_modifier_002.ron
PASS tests/oracle/generated_t2_gate_622/t2_gate_424_layer_global_specific_switch_003.ron
PASS tests/oracle/generated_t2_gate_622/t2_gate_425_layer_dependency_color_004.ron
PASS tests/oracle/generated_t2_gate_622/t2_gate_426_layer_color_timestamp_005.ron
PASS tests/oracle/generated_t2_gate_622/t2_gate_427_layer_type_keyword_pt_stack_006.ron
PASS tests/oracle/generated_t2_gate_622/t2_gate_428_layer_copy_then_modifier_007.ron
PASS tests/oracle/generated_t2_gate_622/t2_gate_429_layer_global_specific_switch_008.ron
PASS tests/oracle/generated_t2_gate_622/t2_gate_430_layer_dependency_color_009.ron
PASS tests/oracle/generated_t2_gate_622/t2_gate_431_layer_color_timestamp_010.ron
PASS tests/oracle/generated_t2_gate_622/t2_gate_432_layer_type_keyword_pt_stack_011.ron
PASS tests/oracle/generated_t2_gate_622/t2_gate_433_layer_copy_then_modifier_012.ron
PASS tests/oracle/generated_t2_gate_622/t2_gate_434_layer_global_specific_switch_013.ron
PASS tests/oracle/generated_t2_gate_622/t2_gate_435_layer_dependency_color_014.ron
PASS tests/oracle/generated_t2_gate_622/t2_gate_436_layer_color_timestamp_015.ron
PASS tests/oracle/generated_t2_gate_622/t2_gate_437_layer_type_keyword_pt_stack_016.ron
PASS tests/oracle/generated_t2_gate_622/t2_gate_438_layer_copy_then_modifier_017.ron
PASS tests/oracle/generated_t2_gate_622/t2_gate_439_layer_global_specific_switch_018.ron
PASS tests/oracle/generated_t2_gate_622/t2_gate_440_layer_dependency_color_019.ron
PASS tests/oracle/generated_t2_gate_622/t2_gate_441_layer_color_timestamp_020.ron
PASS tests/oracle/generated_t2_gate_622/t2_gate_442_layer_type_keyword_pt_stack_021.ron
PASS tests/oracle/generated_t2_gate_622/t2_gate_443_layer_copy_then_modifier_022.ron
PASS tests/oracle/generated_t2_gate_622/t2_gate_444_layer_global_specific_switch_023.ron
PASS tests/oracle/generated_t2_gate_622/t2_gate_445_layer_dependency_color_024.ron
PASS tests/oracle/generated_t2_gate_622/t2_gate_446_layer_color_timestamp_025.ron
PASS tests/oracle/generated_t2_gate_622/t2_gate_447_layer_type_keyword_pt_stack_026.ron
PASS tests/oracle/generated_t2_gate_622/t2_gate_448_layer_copy_then_modifier_027.ron
PASS tests/oracle/generated_t2_gate_622/t2_gate_449_layer_global_specific_switch_028.ron
PASS tests/oracle/generated_t2_gate_622/t2_gate_450_layer_dependency_color_029.ron
PASS tests/oracle/generated_t2_gate_622/t2_gate_451_layer_color_timestamp_030.ron
PASS tests/oracle/generated_t2_gate_622/t2_gate_452_layer_type_keyword_pt_stack_031.ron
PASS tests/oracle/generated_t2_gate_622/t2_gate_453_layer_copy_then_modifier_032.ron
PASS tests/oracle/generated_t2_gate_622/t2_gate_454_layer_global_specific_switch_033.ron
PASS tests/oracle/generated_t2_gate_622/t2_gate_455_layer_dependency_color_034.ron
PASS tests/oracle/generated_t2_gate_622/t2_gate_456_layer_color_timestamp_035.ron
PASS tests/oracle/generated_t2_gate_622/t2_gate_457_layer_type_keyword_pt_stack_036.ron
PASS tests/oracle/generated_t2_gate_622/t2_gate_458_layer_copy_then_modifier_037.ron
PASS tests/oracle/generated_t2_gate_622/t2_gate_459_layer_global_specific_switch_038.ron
PASS tests/oracle/generated_t2_gate_622/t2_gate_460_layer_dependency_color_039.ron
PASS tests/oracle/generated_t2_gate_622/t2_gate_461_layer_color_timestamp_040.ron
PASS tests/oracle/generated_t2_gate_622/t2_gate_462_layer_type_keyword_pt_stack_041.ron
PASS tests/oracle/generated_t2_gate_622/t2_gate_463_layer_copy_then_modifier_042.ron
PASS tests/oracle/generated_t2_gate_622/t2_gate_464_layer_global_specific_switch_043.ron
PASS tests/oracle/generated_t2_gate_622/t2_gate_465_layer_dependency_color_044.ron
PASS tests/oracle/generated_t2_gate_622/t2_gate_466_layer_color_timestamp_045.ron
PASS tests/oracle/generated_t2_gate_622/t2_gate_467_layer_type_keyword_pt_stack_046.ron
PASS tests/oracle/generated_t2_gate_622/t2_gate_468_layer_copy_then_modifier_047.ron
PASS tests/oracle/generated_t2_gate_622/t2_gate_469_layer_global_specific_switch_048.ron
PASS tests/oracle/generated_t2_gate_622/t2_gate_470_layer_dependency_color_049.ron
PASS tests/oracle/generated_t2_gate_622/t2_gate_471_layer_color_timestamp_050.ron
PASS tests/oracle/generated_t2_gate_622/t2_gate_472_layer_type_keyword_pt_stack_051.ron
PASS tests/oracle/generated_t2_gate_622/t2_gate_473_layer_copy_then_modifier_052.ron
PASS tests/oracle/generated_t2_gate_622/t2_gate_474_layer_global_specific_switch_053.ron
PASS tests/oracle/generated_t2_gate_622/t2_gate_475_layer_dependency_color_054.ron
PASS tests/oracle/generated_t2_gate_622/t2_gate_476_layer_color_timestamp_055.ron
PASS tests/oracle/generated_t2_gate_622/t2_gate_477_layer_type_keyword_pt_stack_056.ron
PASS tests/oracle/generated_t2_gate_622/t2_gate_478_layer_copy_then_modifier_057.ron
PASS tests/oracle/generated_t2_gate_622/t2_gate_479_layer_global_specific_switch_058.ron
PASS tests/oracle/generated_t2_gate_622/t2_gate_480_layer_dependency_color_059.ron
PASS tests/oracle/generated_t2_gate_622/t2_gate_481_layer_color_timestamp_060.ron
PASS tests/oracle/generated_t2_gate_622/t2_gate_482_layer_type_keyword_pt_stack_061.ron
PASS tests/oracle/generated_t2_gate_622/t2_gate_483_layer_copy_then_modifier_062.ron
PASS tests/oracle/generated_t2_gate_622/t2_gate_484_layer_global_specific_switch_063.ron
PASS tests/oracle/generated_t2_gate_622/t2_gate_485_layer_dependency_color_064.ron
PASS tests/oracle/generated_t2_gate_622/t2_gate_486_layer_color_timestamp_065.ron
PASS tests/oracle/generated_t2_gate_622/t2_gate_487_layer_type_keyword_pt_stack_066.ron
PASS tests/oracle/generated_t2_gate_622/t2_gate_488_layer_copy_then_modifier_067.ron
PASS tests/oracle/generated_t2_gate_622/t2_gate_489_layer_global_specific_switch_068.ron
PASS tests/oracle/generated_t2_gate_622/t2_gate_490_layer_dependency_color_069.ron
PASS tests/oracle/generated_t2_gate_622/t2_gate_491_layer_color_timestamp_070.ron
PASS tests/oracle/generated_t2_gate_622/t2_gate_492_layer_type_keyword_pt_stack_071.ron
PASS tests/oracle/generated_t2_gate_622/t2_gate_493_layer_copy_then_modifier_072.ron
PASS tests/oracle/generated_t2_gate_622/t2_gate_494_layer_global_specific_switch_073.ron
PASS tests/oracle/generated_t2_gate_622/t2_gate_495_layer_dependency_color_074.ron
PASS tests/oracle/generated_t2_gate_622/t2_gate_496_layer_color_timestamp_075.ron
PASS tests/oracle/generated_t2_gate_622/t2_gate_497_layer_type_keyword_pt_stack_076.ron
PASS tests/oracle/generated_t2_gate_622/t2_gate_498_layer_copy_then_modifier_077.ron
PASS tests/oracle/generated_t2_gate_622/t2_gate_499_layer_global_specific_switch_078.ron
PASS tests/oracle/generated_t2_gate_622/t2_gate_500_layer_dependency_color_079.ron
PASS tests/oracle/generated_t2_gate_622/t2_gate_501_layer_color_timestamp_080.ron
PASS tests/oracle/generated_t2_gate_622/t2_gate_502_layer_type_keyword_pt_stack_081.ron
PASS tests/oracle/generated_t2_gate_622/t2_gate_503_layer_copy_then_modifier_082.ron
PASS tests/oracle/generated_t2_gate_622/t2_gate_504_layer_global_specific_switch_083.ron
PASS tests/oracle/generated_t2_gate_622/t2_gate_505_layer_dependency_color_084.ron
PASS tests/oracle/generated_t2_gate_622/t2_gate_506_layer_color_timestamp_085.ron
PASS tests/oracle/generated_t2_gate_622/t2_gate_507_layer_type_keyword_pt_stack_086.ron
PASS tests/oracle/generated_t2_gate_622/t2_gate_508_layer_copy_then_modifier_087.ron
PASS tests/oracle/generated_t2_gate_622/t2_gate_509_layer_global_specific_switch_088.ron
PASS tests/oracle/generated_t2_gate_622/t2_gate_510_layer_dependency_color_089.ron
PASS tests/oracle/generated_t2_gate_622/t2_gate_511_layer_color_timestamp_090.ron
PASS tests/oracle/generated_t2_gate_622/t2_gate_512_layer_type_keyword_pt_stack_091.ron
PASS tests/oracle/generated_t2_gate_622/t2_gate_513_layer_copy_then_modifier_092.ron
PASS tests/oracle/generated_t2_gate_622/t2_gate_514_layer_global_specific_switch_093.ron
PASS tests/oracle/generated_t2_gate_622/t2_gate_515_layer_dependency_color_094.ron
PASS tests/oracle/generated_t2_gate_622/t2_gate_516_layer_color_timestamp_095.ron
PASS tests/oracle/generated_t2_gate_622/t2_gate_517_layer_type_keyword_pt_stack_096.ron
PASS tests/oracle/generated_t2_gate_622/t2_gate_518_layer_copy_then_modifier_097.ron
PASS tests/oracle/generated_t2_gate_622/t2_gate_519_layer_global_specific_switch_098.ron
PASS tests/oracle/generated_t2_gate_622/t2_gate_520_layer_dependency_color_099.ron
PASS tests/oracle/generated_t2_gate_622/t2_gate_521_keyword_characteristics_000.ron
PASS tests/oracle/generated_t2_gate_622/t2_gate_522_defender_blocks_attack_001.ron
PASS tests/oracle/generated_t2_gate_622/t2_gate_523_indestructible_survives_002.ron
PASS tests/oracle/generated_t2_gate_622/t2_gate_524_scry_order_003.ron
PASS tests/oracle/generated_t2_gate_622/t2_gate_525_surveil_order_004.ron
PASS tests/oracle/generated_t2_gate_622/t2_gate_526_cycling_zone_mana_005.ron
PASS tests/oracle/generated_t2_gate_622/t2_gate_527_keyword_characteristics_006.ron
PASS tests/oracle/generated_t2_gate_622/t2_gate_528_defender_blocks_attack_007.ron
PASS tests/oracle/generated_t2_gate_622/t2_gate_529_indestructible_survives_008.ron
PASS tests/oracle/generated_t2_gate_622/t2_gate_530_scry_order_009.ron
PASS tests/oracle/generated_t2_gate_622/t2_gate_531_surveil_order_010.ron
PASS tests/oracle/generated_t2_gate_622/t2_gate_532_cycling_zone_mana_011.ron
PASS tests/oracle/generated_t2_gate_622/t2_gate_533_keyword_characteristics_012.ron
PASS tests/oracle/generated_t2_gate_622/t2_gate_534_defender_blocks_attack_013.ron
PASS tests/oracle/generated_t2_gate_622/t2_gate_535_indestructible_survives_014.ron
PASS tests/oracle/generated_t2_gate_622/t2_gate_536_scry_order_015.ron
PASS tests/oracle/generated_t2_gate_622/t2_gate_537_surveil_order_016.ron
PASS tests/oracle/generated_t2_gate_622/t2_gate_538_cycling_zone_mana_017.ron
PASS tests/oracle/generated_t2_gate_622/t2_gate_539_keyword_characteristics_018.ron
PASS tests/oracle/generated_t2_gate_622/t2_gate_540_defender_blocks_attack_019.ron
PASS tests/oracle/generated_t2_gate_622/t2_gate_541_indestructible_survives_020.ron
PASS tests/oracle/generated_t2_gate_622/t2_gate_542_scry_order_021.ron
PASS tests/oracle/generated_t2_gate_622/t2_gate_543_surveil_order_022.ron
PASS tests/oracle/generated_t2_gate_622/t2_gate_544_cycling_zone_mana_023.ron
PASS tests/oracle/generated_t2_gate_622/t2_gate_545_keyword_characteristics_024.ron
PASS tests/oracle/generated_t2_gate_622/t2_gate_546_defender_blocks_attack_025.ron
PASS tests/oracle/generated_t2_gate_622/t2_gate_547_indestructible_survives_026.ron
PASS tests/oracle/generated_t2_gate_622/t2_gate_548_scry_order_027.ron
PASS tests/oracle/generated_t2_gate_622/t2_gate_549_surveil_order_028.ron
PASS tests/oracle/generated_t2_gate_622/t2_gate_550_cycling_zone_mana_029.ron
PASS tests/oracle/generated_t2_gate_622/t2_gate_551_keyword_characteristics_030.ron
PASS tests/oracle/generated_t2_gate_622/t2_gate_552_defender_blocks_attack_031.ron
PASS tests/oracle/generated_t2_gate_622/t2_gate_553_indestructible_survives_032.ron
PASS tests/oracle/generated_t2_gate_622/t2_gate_554_scry_order_033.ron
PASS tests/oracle/generated_t2_gate_622/t2_gate_555_surveil_order_034.ron
PASS tests/oracle/generated_t2_gate_622/t2_gate_556_cycling_zone_mana_035.ron
PASS tests/oracle/generated_t2_gate_622/t2_gate_557_keyword_characteristics_036.ron
PASS tests/oracle/generated_t2_gate_622/t2_gate_558_defender_blocks_attack_037.ron
PASS tests/oracle/generated_t2_gate_622/t2_gate_559_indestructible_survives_038.ron
PASS tests/oracle/generated_t2_gate_622/t2_gate_560_scry_order_039.ron
PASS tests/oracle/generated_t2_gate_622/t2_gate_561_surveil_order_040.ron
PASS tests/oracle/generated_t2_gate_622/t2_gate_562_cycling_zone_mana_041.ron
PASS tests/oracle/generated_t2_gate_622/t2_gate_563_keyword_characteristics_042.ron
PASS tests/oracle/generated_t2_gate_622/t2_gate_564_defender_blocks_attack_043.ron
PASS tests/oracle/generated_t2_gate_622/t2_gate_565_indestructible_survives_044.ron
PASS tests/oracle/generated_t2_gate_622/t2_gate_566_scry_order_045.ron
PASS tests/oracle/generated_t2_gate_622/t2_gate_567_surveil_order_046.ron
PASS tests/oracle/generated_t2_gate_622/t2_gate_568_cycling_zone_mana_047.ron
PASS tests/oracle/generated_t2_gate_622/t2_gate_569_keyword_characteristics_048.ron
PASS tests/oracle/generated_t2_gate_622/t2_gate_570_defender_blocks_attack_049.ron
PASS tests/oracle/generated_t2_gate_622/t2_gate_571_indestructible_survives_050.ron
PASS tests/oracle/generated_t2_gate_622/t2_gate_572_scry_order_051.ron
PASS tests/oracle/generated_t2_gate_622/t2_gate_573_surveil_order_052.ron
PASS tests/oracle/generated_t2_gate_622/t2_gate_574_cycling_zone_mana_053.ron
PASS tests/oracle/generated_t2_gate_622/t2_gate_575_keyword_characteristics_054.ron
PASS tests/oracle/generated_t2_gate_622/t2_gate_576_defender_blocks_attack_055.ron
PASS tests/oracle/generated_t2_gate_622/t2_gate_577_indestructible_survives_056.ron
PASS tests/oracle/generated_t2_gate_622/t2_gate_578_scry_order_057.ron
PASS tests/oracle/generated_t2_gate_622/t2_gate_579_surveil_order_058.ron
PASS tests/oracle/generated_t2_gate_622/t2_gate_580_cycling_zone_mana_059.ron
PASS tests/oracle/generated_t2_gate_622/t2_gate_581_keyword_characteristics_060.ron
PASS tests/oracle/generated_t2_gate_622/t2_gate_582_defender_blocks_attack_061.ron
PASS tests/oracle/generated_t2_gate_622/t2_gate_583_indestructible_survives_062.ron
PASS tests/oracle/generated_t2_gate_622/t2_gate_584_scry_order_063.ron
PASS tests/oracle/generated_t2_gate_622/t2_gate_585_surveil_order_064.ron
PASS tests/oracle/generated_t2_gate_622/t2_gate_586_cycling_zone_mana_065.ron
PASS tests/oracle/generated_t2_gate_622/t2_gate_587_keyword_characteristics_066.ron
PASS tests/oracle/generated_t2_gate_622/t2_gate_588_defender_blocks_attack_067.ron
PASS tests/oracle/generated_t2_gate_622/t2_gate_589_indestructible_survives_068.ron
PASS tests/oracle/generated_t2_gate_622/t2_gate_590_scry_order_069.ron
PASS tests/oracle/generated_t2_gate_622/t2_gate_591_surveil_order_070.ron
PASS tests/oracle/generated_t2_gate_622/t2_gate_592_cycling_zone_mana_071.ron
PASS tests/oracle/generated_t2_gate_622/t2_gate_593_keyword_characteristics_072.ron
PASS tests/oracle/generated_t2_gate_622/t2_gate_594_defender_blocks_attack_073.ron
PASS tests/oracle/generated_t2_gate_622/t2_gate_595_indestructible_survives_074.ron
PASS tests/oracle/generated_t2_gate_622/t2_gate_596_scry_order_075.ron
PASS tests/oracle/generated_t2_gate_622/t2_gate_597_surveil_order_076.ron
PASS tests/oracle/generated_t2_gate_622/t2_gate_598_cycling_zone_mana_077.ron
PASS tests/oracle/generated_t2_gate_622/t2_gate_599_keyword_characteristics_078.ron
PASS tests/oracle/generated_t2_gate_622/t2_gate_600_defender_blocks_attack_079.ron
PASS tests/oracle/generated_t2_gate_622/t2_gate_601_indestructible_survives_080.ron
PASS tests/oracle/generated_t2_gate_622/t2_gate_602_scry_order_081.ron
PASS tests/oracle/generated_t2_gate_622/t2_gate_603_surveil_order_082.ron
PASS tests/oracle/generated_t2_gate_622/t2_gate_604_cycling_zone_mana_083.ron
PASS tests/oracle/generated_t2_gate_622/t2_gate_605_keyword_characteristics_084.ron
PASS tests/oracle/generated_t2_gate_622/t2_gate_606_defender_blocks_attack_085.ron
PASS tests/oracle/generated_t2_gate_622/t2_gate_607_indestructible_survives_086.ron
PASS tests/oracle/generated_t2_gate_622/t2_gate_608_scry_order_087.ron
PASS tests/oracle/generated_t2_gate_622/t2_gate_609_surveil_order_088.ron
PASS tests/oracle/generated_t2_gate_622/t2_gate_610_cycling_zone_mana_089.ron
PASS tests/oracle/generated_t2_gate_622/t2_gate_611_keyword_characteristics_090.ron
PASS tests/oracle/generated_t2_gate_622/t2_gate_612_defender_blocks_attack_091.ron
PASS tests/oracle/generated_t2_gate_622/t2_gate_613_indestructible_survives_092.ron
PASS tests/oracle/generated_t2_gate_622/t2_gate_614_scry_order_093.ron
PASS tests/oracle/generated_t2_gate_622/t2_gate_615_surveil_order_094.ron
PASS tests/oracle/generated_t2_gate_622/t2_gate_616_cycling_zone_mana_095.ron
PASS tests/oracle/generated_t2_gate_622/t2_gate_617_keyword_characteristics_096.ron
PASS tests/oracle/generated_t2_gate_622/t2_gate_618_defender_blocks_attack_097.ron
PASS tests/oracle/generated_t2_gate_622/t2_gate_619_indestructible_survives_098.ron
PASS tests/oracle/generated_t2_gate_622/t2_gate_620_scry_order_099.ron
PASS tests/oracle/generated_t2_gate_622/t2_gate_621_surveil_order_100.ron
PASS tests/oracle/generated_t2_gate_622/t2_gate_622_cycling_zone_mana_101.ron
PASS tests/oracle/layers/layers_001_pt_set_modify_switch.ron
PASS tests/oracle/layers/layers_002_double_switch_cancels.ron
PASS tests/oracle/layers/layers_003_cda_set_modify.ron
PASS tests/oracle/layers/layers_004_set_pt_timestamp_later_wins.ron
PASS tests/oracle/layers/layers_005_modify_after_set.ron
PASS tests/oracle/layers/layers_006_add_flying_after_remove.ron
PASS tests/oracle/layers/layers_007_remove_flying_after_add.ron
PASS tests/oracle/layers/layers_008_keyword_mixed_add_remove.ron
PASS tests/oracle/layers/layers_009_remove_all_combat_keywords.ron
PASS tests/oracle/layers/layers_010_add_creature_type_to_noncreature.ron
PASS tests/oracle/layers/layers_011_remove_creature_type.ron
PASS tests/oracle/layers/layers_012_set_artifact_creature_types.ron
PASS tests/oracle/layers/layers_013_add_artifact_to_creature.ron
PASS tests/oracle/layers/layers_014_set_color_later_wins.ron
PASS tests/oracle/layers/layers_015_set_multicolor.ron
PASS tests/oracle/layers/layers_016_text_marker_timestamp.ron
PASS tests/oracle/layers/layers_017_change_controller.ron
PASS tests/oracle/layers/layers_018_control_timestamp_later_wins.ron
PASS tests/oracle/layers/layers_019_same_layer_dependency_reorders.ron
PASS tests/oracle/layers/layers_020_same_layer_timestamp_without_dependency.ron
PASS tests/oracle/layers/layers_021_copy_ignores_source_modifier.ron
PASS tests/oracle/layers/layers_022_copy_noncreature_removes_creature.ron
PASS tests/oracle/layers/layers_023_all_objects_color.ron
PASS tests/oracle/layers/layers_024_all_objects_add_flying.ron
PASS tests/oracle/layers/layers_025_all_objects_modify_pt.ron
PASS tests/oracle/layers/layers_026_query_then_invalidate.ron
PASS tests/oracle/layers/layers_027_toughness_buff_prevents_lethal_sba.ron
PASS tests/oracle/layers/layers_028_toughness_set_causes_lethal_sba.ron
PASS tests/oracle/layers/layers_029_control_effect_allows_attack.ron
PASS tests/oracle/layers/layers_030_colorless_expectation.ron
PASS tests/oracle/layers/layers_031_set_land_type_noncreature.ron
PASS tests/oracle/layers/layers_032_set_types_removes_creature.ron
PASS tests/oracle/layers/layers_033_add_creature_after_set_artifact.ron
PASS tests/oracle/layers/layers_034_pt_negative_modifier.ron
PASS tests/oracle/layers/layers_035_zero_toughness_from_layer_sba.ron
PASS tests/oracle/layers/layers_036_switch_after_negative_modifier.ron
PASS tests/oracle/layers/layers_037_dependency_on_color_layer.ron
PASS tests/oracle/layers/layers_038_dependency_not_cross_sublayer.ron
PASS tests/oracle/layers/layers_039_all_objects_type_then_pt.ron
PASS tests/oracle/layers/layers_040_controller_hash_determinism.ron
PASS tests/oracle/layers/layers_041_type_set_timestamp.ron
PASS tests/oracle/layers/layers_042_add_remove_artifact.ron
PASS tests/oracle/layers/layers_043_remove_then_add_artifact.ron
PASS tests/oracle/layers/layers_044_all_color_specific_later.ron
PASS tests/oracle/layers/layers_045_all_color_later_overrides_specific.ron
PASS tests/oracle/layers/layers_046_text_dependency.ron
PASS tests/oracle/layers/layers_047_text_timestamp_without_dependency.ron
PASS tests/oracle/layers/layers_048_control_dependency.ron
PASS tests/oracle/layers/layers_049_control_timestamp_without_dependency.ron
PASS tests/oracle/layers/layers_050_copy_then_remove_keyword.ron
PASS tests/oracle/layers/layers_051_copy_then_add_keyword.ron
PASS tests/oracle/layers/layers_052_type_before_ability.ron
PASS tests/oracle/layers/layers_053_remove_creature_before_ability.ron
PASS tests/oracle/layers/layers_054_type_add_remove_sequence.ron
PASS tests/oracle/layers/layers_055_late_set_replaces_added_type.ron
PASS tests/oracle/layers/layers_056_late_set_creature_replaces_artifact.ron
PASS tests/oracle/layers/layers_057_all_objects_change_controller.ron
PASS tests/oracle/layers/layers_058_specific_control_later_than_all.ron
PASS tests/oracle/layers/layers_059_all_control_later_than_specific.ron
PASS tests/oracle/layers/layers_060_multicolor_then_colorless.ron
PASS tests/oracle/layers/layers_061_tied_timestamp_id_order.ron
PASS tests/oracle/layers/layers_062_tied_timestamp_reverse_registration.ron
PASS tests/oracle/layers/layers_063_cda_set_switch.ron
PASS tests/oracle/layers/layers_064_multiple_modifiers.ron
PASS tests/oracle/layers/layers_065_switch_layer_after_set.ron
PASS tests/oracle/layers/layers_066_remove_creature_add_land.ron
PASS tests/oracle/layers/layers_067_land_creature_set_pt.ron
PASS tests/oracle/layers/layers_068_copy_source_loses_creature_type.ron
PASS tests/oracle/layers/layers_069_all_remove_creature_after_copy.ron
PASS tests/oracle/layers/layers_070_copy_noncreature_then_all_creature.ron
PASS tests/oracle/layers/layers_071_set_pt_dependency_chain.ron
PASS tests/oracle/layers/layers_072_set_pt_timestamp_chain.ron
PASS tests/oracle/layers/layers_073_targeted_effects_do_not_bleed.ron
PASS tests/oracle/layers/layers_074_all_keywords_specific_remove.ron
PASS tests/oracle/layers/layers_075_all_color_target_colorless.ron
PASS tests/oracle/layers/layers_076_all_text_target_later.ron
PASS tests/oracle/layers/layers_077_all_control_target_dependency.ron
PASS tests/oracle/layers/layers_078_all_artifact_target_set_creature.ron
PASS tests/oracle/layers/layers_079_all_creature_adds_to_artifact.ron
PASS tests/oracle/layers/layers_080_dependency_nonapplicable_to_target.ron
PASS tests/oracle/legacy_layers/cp_layers_legacy_l001_humility.ron
PASS tests/oracle/legacy_layers/cp_layers_legacy_l004_song_of_the_dryads.ron
PASS tests/oracle/legacy_layers/cp_layers_legacy_l005_darksteel_mutation.ron
PASS tests/oracle/legacy_layers/cp_layers_legacy_l006_archetype_of_imagination.ron
PASS tests/oracle/legacy_layers/cp_layers_legacy_l008_archetype_of_courage.ron
PASS tests/oracle/legacy_layers/cp_layers_legacy_l011_imprisoned_in_the_moon.ron
PASS tests/oracle/legacy_layers/cp_layers_legacy_l012_kenrith_s_transformation.ron
PASS tests/oracle/legacy_layers/cp_layers_legacy_l013_dress_down.ron
PASS tests/oracle/legacy_layers/cp_layers_legacy_l014_ichthyomorphosis.ron
PASS tests/oracle/legacy_layers/cp_layers_legacy_l015_witness_protection.ron
PASS tests/oracle/legacy_layers/cp_layers_legacy_l016_kasmina_s_transmutation.ron
PASS tests/oracle/legacy_layers/cp_layers_legacy_l017_mystic_subdual.ron
PASS tests/oracle/legacy_layers/cp_layers_legacy_l018_frogify.ron
PASS tests/oracle/legacy_layers/cp_layers_legacy_l019_deep_freeze.ron
PASS tests/oracle/legacy_layers/cp_layers_legacy_l020_spider_man_no_more.ron
PASS tests/oracle/legacy_layers/cp_layers_legacy_l021_amphibian_downpour.ron
PASS tests/oracle/legacy_layers/cp_layers_legacy_l022_eaten_by_piranhas.ron
PASS tests/oracle/legacy_layers/cp_layers_legacy_l023_noggle_the_mind.ron
PASS tests/oracle/legacy_layers/cp_layers_legacy_l024_trickster_s_elk.ron
PASS tests/oracle/legacy_layers/cp_layers_legacy_l025_coerced_to_kill.ron
PASS tests/oracle/legacy_layers/cp_layers_legacy_l026_fowl_play.ron
PASS tests/oracle/legacy_layers/cp_layers_legacy_l027_honest_work.ron
PASS tests/oracle/legacy_layers/cp_layers_legacy_l028_lignify.ron
PASS tests/oracle/legacy_layers/cp_layers_legacy_l029_reprobation.ron
PASS tests/oracle/legacy_layers/cp_layers_legacy_l030_retro_mutation.ron
PASS tests/oracle/legacy_layers/cp_layers_legacy_l033_unable_to_scream.ron
PASS tests/oracle/legacy_layers/cp_layers_legacy_l036_crackling_emergence.ron
PASS tests/oracle/legacy_layers/cp_layers_legacy_l038_duskmourn_s_domination.ron
PASS tests/oracle/legacy_layers/cp_layers_legacy_l039_eye_of_nidhogg.ron
PASS tests/oracle/legacy_layers/cp_layers_legacy_l041_harmonious_emergence.ron
PASS tests/oracle/legacy_layers/cp_layers_legacy_l042_stasis_field.ron
PASS tests/oracle/legacy_layers/cp_layers_legacy_l045_ensoul_ring.ron
PASS tests/oracle/legacy_layers/cp_layers_legacy_l046_in_too_deep.ron
PASS tests/oracle/legacy_layers/cp_layers_legacy_l048_sugar_coat.ron
PASS tests/oracle/legacy_layers/cp_layers_legacy_l049_katilda_s_rising_dawn.ron
PASS tests/oracle/legacy_layers/cp_layers_legacy_l050_aerial_modification.ron
PASS tests/oracle/legacy_layers/cp_layers_legacy_l051_alien_symbiosis.ron
PASS tests/oracle/legacy_layers/cp_layers_legacy_l054_demonic_embrace.ron
PASS tests/oracle/legacy_layers/cp_layers_legacy_l064_oni_possession.ron
PASS tests/oracle/legacy_layers/cp_layers_legacy_l065_siege_modification.ron
PASS tests/oracle/legacy_layers/cp_layers_legacy_l072_hypnotic_siren.ron
PASS tests/oracle/legacy_layers/cp_layers_legacy_l075_living_terrain.ron
PASS tests/oracle/legacy_layers/cp_layers_legacy_l080_spirit_away.ron
PASS tests/oracle/legacy_layers/cp_layers_legacy_l081_utter_insignificance.ron
PASS tests/oracle/legacy_layers/cp_layers_legacy_l083_yavimaya_s_embrace.ron
PASS tests/oracle/legacy_layers/cp_layers_legacy_l085_angelic_destiny.ron
PASS tests/oracle/legacy_layers/cp_layers_legacy_l087_call_to_serve.ron
PASS tests/oracle/legacy_layers/cp_layers_legacy_l091_draconic_destiny.ron
PASS tests/oracle/legacy_layers/cp_layers_legacy_l092_dub.ron
PASS tests/oracle/legacy_layers/cp_layers_legacy_l093_inner_demon.ron
PASS tests/oracle/legacy_layers/cp_layers_legacy_l094_lithoform_blight.ron
PASS tests/oracle/legacy_layers/cp_layers_legacy_l095_minimus_containment.ron
PASS tests/oracle/legacy_layers/cp_layers_legacy_l096_on_serra_s_wings.ron
PASS tests/oracle/reviewer_layers/cp_layers_reviewer_001_copy_ignores_source_modifier.ron
PASS tests/oracle/reviewer_layers/cp_layers_reviewer_002_copy_excludes_gained_keyword.ron
PASS tests/oracle/reviewer_layers/cp_layers_reviewer_003_copy_animated_noncreature_excludes_animation.ron
PASS tests/oracle/reviewer_layers/cp_layers_reviewer_004_copy_excludes_later_cda_marker.ron
PASS tests/oracle/reviewer_layers/cp_layers_reviewer_005_copy_excludes_text_marker.ron
PASS tests/oracle/reviewer_layers/cp_layers_reviewer_006_copy_excludes_color_effect.ron
PASS tests/oracle/reviewer_layers/cp_layers_reviewer_007_copy_excludes_global_animation.ron
PASS tests/oracle/reviewer_layers/cp_layers_reviewer_008_copy_then_own_modifier.ron
PASS tests/oracle/reviewer_layers/cp_layers_reviewer_009_copy_before_later_type_layer.ron
PASS tests/oracle/reviewer_layers/cp_layers_reviewer_010_copy_replay_hash.ron
PASS tests/oracle/reviewer_layers/cp_layers_reviewer_011_control_target_specific.ron
PASS tests/oracle/reviewer_layers/cp_layers_reviewer_012_control_global_then_specific.ron
PASS tests/oracle/reviewer_layers/cp_layers_reviewer_013_control_specific_then_global.ron
PASS tests/oracle/reviewer_layers/cp_layers_reviewer_014_control_dependency_reorders.ron
PASS tests/oracle/reviewer_layers/cp_layers_reviewer_015_control_equal_timestamp_id_order.ron
PASS tests/oracle/reviewer_layers/cp_layers_reviewer_016_control_change_allows_attack.ron
PASS tests/oracle/reviewer_layers/cp_layers_reviewer_017_control_query_interleave.ron
PASS tests/oracle/reviewer_layers/cp_layers_reviewer_018_control_replay_hash.ron
PASS tests/oracle/reviewer_layers/cp_layers_reviewer_019_text_simple_replacement.ron
PASS tests/oracle/reviewer_layers/cp_layers_reviewer_020_text_timestamp_later_wins.ron
PASS tests/oracle/reviewer_layers/cp_layers_reviewer_021_text_dependency_reorders.ron
PASS tests/oracle/reviewer_layers/cp_layers_reviewer_022_text_target_isolation.ron
PASS tests/oracle/reviewer_layers/cp_layers_reviewer_023_text_copy_exclusion.ron
PASS tests/oracle/reviewer_layers/cp_layers_reviewer_024_text_replay_hash.ron
PASS tests/oracle/reviewer_layers/cp_layers_reviewer_025_type_add_creature_to_noncreature.ron
PASS tests/oracle/reviewer_layers/cp_layers_reviewer_026_type_set_replaces_artifact.ron
PASS tests/oracle/reviewer_layers/cp_layers_reviewer_027_type_add_artifact_to_creature.ron
PASS tests/oracle/reviewer_layers/cp_layers_reviewer_028_type_remove_creature.ron
PASS tests/oracle/reviewer_layers/cp_layers_reviewer_029_type_set_land.ron
PASS tests/oracle/reviewer_layers/cp_layers_reviewer_030_type_add_planeswalker_marker.ron
PASS tests/oracle/reviewer_layers/cp_layers_reviewer_031_type_all_objects.ron
PASS tests/oracle/reviewer_layers/cp_layers_reviewer_032_type_global_then_specific.ron
PASS tests/oracle/reviewer_layers/cp_layers_reviewer_033_type_specific_then_global.ron
PASS tests/oracle/reviewer_layers/cp_layers_reviewer_034_type_dependency_reorders.ron
PASS tests/oracle/reviewer_layers/cp_layers_reviewer_035_type_before_ability_cross_layer.ron
PASS tests/oracle/reviewer_layers/cp_layers_reviewer_036_type_removal_blocks_ability.ron
PASS tests/oracle/reviewer_layers/cp_layers_reviewer_037_type_and_pt_animation.ron
PASS tests/oracle/reviewer_layers/cp_layers_reviewer_038_type_replay_hash.ron
PASS tests/oracle/reviewer_layers/cp_layers_reviewer_039_color_set_mono.ron
PASS tests/oracle/reviewer_layers/cp_layers_reviewer_040_color_set_multicolor.ron
PASS tests/oracle/reviewer_layers/cp_layers_reviewer_041_color_set_colorless.ron
PASS tests/oracle/reviewer_layers/cp_layers_reviewer_042_color_add_vs_set_model.ron
PASS tests/oracle/reviewer_layers/cp_layers_reviewer_043_color_global_plus_targeted.ron
PASS tests/oracle/reviewer_layers/cp_layers_reviewer_044_color_dependency_reorders.ron
PASS tests/oracle/reviewer_layers/cp_layers_reviewer_045_color_target_update_proxy.ron
PASS tests/oracle/reviewer_layers/cp_layers_reviewer_046_color_replay_hash.ron
PASS tests/oracle/reviewer_layers/cp_layers_reviewer_047_ability_grant_keyword.ron
PASS tests/oracle/reviewer_layers/cp_layers_reviewer_048_ability_remove_keyword.ron
PASS tests/oracle/reviewer_layers/cp_layers_reviewer_049_ability_add_then_remove.ron
PASS tests/oracle/reviewer_layers/cp_layers_reviewer_050_ability_remove_then_add.ron
PASS tests/oracle/reviewer_layers/cp_layers_reviewer_051_ability_remove_all_represented.ron
PASS tests/oracle/reviewer_layers/cp_layers_reviewer_052_ability_humility_class_stack.ron
PASS tests/oracle/reviewer_layers/cp_layers_reviewer_053_ability_global_remove.ron
PASS tests/oracle/reviewer_layers/cp_layers_reviewer_054_ability_target_isolation.ron
PASS tests/oracle/reviewer_layers/cp_layers_reviewer_055_ability_type_applicability.ron
PASS tests/oracle/reviewer_layers/cp_layers_reviewer_056_ability_dependency_reorders.ron
PASS tests/oracle/reviewer_layers/cp_layers_reviewer_057_ability_equal_timestamp_id_order.ron
PASS tests/oracle/reviewer_layers/cp_layers_reviewer_058_ability_flying_loss_allows_block.ron
PASS tests/oracle/reviewer_layers/cp_layers_reviewer_059_ability_lifelink_removed_before_damage.ron
PASS tests/oracle/reviewer_layers/cp_layers_reviewer_060_ability_replay_hash.ron
PASS tests/oracle/reviewer_layers/cp_layers_reviewer_061_pt_7a_base_then_modifier.ron
PASS tests/oracle/reviewer_layers/cp_layers_reviewer_062_pt_7a_after_type_animation.ron
PASS tests/oracle/reviewer_layers/cp_layers_reviewer_063_pt_7a_copied_base_proxy.ron
PASS tests/oracle/reviewer_layers/cp_layers_reviewer_064_pt_7a_with_ability_removal.ron
PASS tests/oracle/reviewer_layers/cp_layers_reviewer_065_pt_7a_multiple_cdas.ron
PASS tests/oracle/reviewer_layers/cp_layers_reviewer_066_pt_7a_seen_by_later_modifier.ron
PASS tests/oracle/reviewer_layers/cp_layers_reviewer_067_pt_7a_replay_hash.ron
PASS tests/oracle/reviewer_layers/cp_layers_reviewer_068_pt_7a_zero_toughness_sba.ron
PASS tests/oracle/reviewer_layers/cp_layers_reviewer_069_pt_7b_set.ron
PASS tests/oracle/reviewer_layers/cp_layers_reviewer_070_pt_7b_later_set_wins.ron
PASS tests/oracle/reviewer_layers/cp_layers_reviewer_071_pt_7b_global_plus_specific.ron
PASS tests/oracle/reviewer_layers/cp_layers_reviewer_072_pt_7b_ability_independence.ron
PASS tests/oracle/reviewer_layers/cp_layers_reviewer_073_pt_7b_type_gating.ron
PASS tests/oracle/reviewer_layers/cp_layers_reviewer_074_pt_7b_dependency_reorders.ron
PASS tests/oracle/reviewer_layers/cp_layers_reviewer_075_pt_7b_zero_toughness_sba.ron
PASS tests/oracle/reviewer_layers/cp_layers_reviewer_076_pt_7b_replay_hash.ron
PASS tests/oracle/reviewer_layers/cp_layers_reviewer_077_pt_7c_modifier.ron
PASS tests/oracle/reviewer_layers/cp_layers_reviewer_078_pt_7c_multiple_modifiers.ron
PASS tests/oracle/reviewer_layers/cp_layers_reviewer_079_pt_7c_counter_like_modifier.ron
PASS tests/oracle/reviewer_layers/cp_layers_reviewer_080_pt_7c_global_plus_specific.ron
PASS tests/oracle/reviewer_layers/cp_layers_reviewer_081_pt_7c_type_gating.ron
PASS tests/oracle/reviewer_layers/cp_layers_reviewer_082_pt_7c_dependency_executes.ron
PASS tests/oracle/reviewer_layers/cp_layers_reviewer_083_pt_7c_lethal_sba.ron
PASS tests/oracle/reviewer_layers/cp_layers_reviewer_084_pt_7c_replay_hash.ron
PASS tests/oracle/reviewer_layers/cp_layers_reviewer_085_pt_7d_switch.ron
PASS tests/oracle/reviewer_layers/cp_layers_reviewer_086_pt_7d_double_switch.ron
PASS tests/oracle/reviewer_layers/cp_layers_reviewer_087_pt_7d_set_then_switch.ron
PASS tests/oracle/reviewer_layers/cp_layers_reviewer_088_pt_7d_modify_then_switch.ron
PASS tests/oracle/reviewer_layers/cp_layers_reviewer_089_pt_7d_lethal_sba.ron
PASS tests/oracle/reviewer_layers/cp_layers_reviewer_090_pt_7d_replay_hash.ron
PASS tests/oracle/reviewer_layers/cp_layers_reviewer_091_dependency_chain_same_layer.ron
PASS tests/oracle/reviewer_layers/cp_layers_reviewer_092_dependency_cycle_public_api_guard.ron
PASS tests/oracle/reviewer_layers/cp_layers_reviewer_093_dependency_nonapplicable_isolated.ron
PASS tests/oracle/reviewer_layers/cp_layers_reviewer_094_dependency_cross_layer_guard.ron
PASS tests/oracle/reviewer_layers/cp_layers_reviewer_095_equal_timestamp_id_order.ron
PASS tests/oracle/reviewer_layers/cp_layers_reviewer_096_registration_replay.ron
PASS tests/oracle/reviewer_layers/cp_layers_reviewer_097_reverse_tie_registration.ron
PASS tests/oracle/reviewer_layers/cp_layers_reviewer_098_mutation_query_interleave.ron
PASS tests/oracle/reviewer_layers/cp_layers_reviewer_099_legal_action_update_attack.ron
PASS tests/oracle/reviewer_layers/cp_layers_reviewer_100_full_brutal_stack.ron
PASS tests/oracle/t1_10_cr_103_3_players_start_at_20_life.ron
PASS tests/oracle/t1_10_cr_103_7a_starting_player_skips_first_draw.ron
PASS tests/oracle/t1_10_cr_104_3b_negative_life_loses.ron
PASS tests/oracle/t1_10_cr_104_3b_zero_life_loses.ron
PASS tests/oracle/t1_10_cr_104_3c_empty_library_draw_loses.ron
PASS tests/oracle/t1_10_cr_104_3d_more_than_ten_poison_loses.ron
PASS tests/oracle/t1_10_cr_104_3d_ten_poison_loses.ron
PASS tests/oracle/t1_9_opening_hand.ron
PASS tests/oracle/t2_3_prevent_all_combat_damage.ron
PASS tests/oracle/t2_3_replacement_order_damage.ron
PASS tests/oracle/t2_5_activated/t2_5_activated_life_uses_stack.ron
PASS tests/oracle/t2_5_activated/t2_5_cost_modifier_adds_generic.ron
PASS tests/oracle/t2_5_activated/t2_5_loyalty_cost_paid_once.ron
PASS tests/oracle/t2_5_activated/t2_5_mana_ability_no_stack_tap.ron
PASS tests/oracle/t2_6_targeting/t2_6_cannot_attack_blocks_declaration.ron
PASS tests/oracle/t2_6_targeting/t2_6_cannot_be_blocked_blocks_blocker.ron
PASS tests/oracle/t2_6_targeting/t2_6_cannot_block_blocks_block_declaration.ron
PASS tests/oracle/t2_6_targeting/t2_6_hexproof_blocks_opponent_targeting.ron
PASS tests/oracle/t2_6_targeting/t2_6_protection_from_red_blocks_red_source.ron
PASS tests/oracle/t2_6_targeting/t2_6_shroud_blocks_all_targeting.ron
PASS tests/oracle/t2_6_targeting/t2_6_target_predicates_filter_players_and_objects.ron
PASS tests/oracle/t2_6_targeting/t2_6_ward_records_cost_without_blocking.ron
PASS tests/oracle/t2_7_counters_tokens_copy/t2_7_copy_token_copies_values_then_ceases.ron
PASS tests/oracle/t2_7_counters_tokens_copy/t2_7_loyalty_counters_zero_planeswalker_sba.ron
PASS tests/oracle/t2_7_counters_tokens_copy/t2_7_minus_counter_zero_toughness_sba.ron
PASS tests/oracle/t2_7_counters_tokens_copy/t2_7_named_counters_hash_deterministic.ron
PASS tests/oracle/t2_7_counters_tokens_copy/t2_7_non_token_graveyard_persists.ron
PASS tests/oracle/t2_7_counters_tokens_copy/t2_7_permanent_copy_excludes_counters_and_modifiers.ron
PASS tests/oracle/t2_7_counters_tokens_copy/t2_7_plus_minus_counters_cancel_to_fixpoint.ron
PASS tests/oracle/t2_7_counters_tokens_copy/t2_7_spell_copy_resolves_without_card_zone_move.ron
PASS tests/oracle/t2_7_counters_tokens_copy/t2_7_token_moves_to_graveyard_ceases.ron
PASS tests/oracle/t2_8_multiplayer_commander/t2_8_command_zone_cast_applies_tax.ron
PASS tests/oracle/t2_8_multiplayer_commander/t2_8_commander_designation_and_tax.ron
PASS tests/oracle/t2_8_multiplayer_commander/t2_8_commander_identity_rejects_off_color.ron
PASS tests/oracle/t2_8_multiplayer_commander/t2_8_commander_identity_validation_passes.ron
PASS tests/oracle/t2_8_multiplayer_commander/t2_8_decided_turn_order_is_exposed.ron
PASS tests/oracle/t2_8_multiplayer_commander/t2_8_explicit_turn_order_priority.ron
PASS tests/oracle/t2_9_keyword_wave1/t2_9_aura_attach_plumbing_records_target.ron
PASS tests/oracle/t2_9_keyword_wave1/t2_9_cycling_discards_and_draws.ron
PASS tests/oracle/t2_9_keyword_wave1/t2_9_defender_cannot_attack.ron
PASS tests/oracle/t2_9_keyword_wave1/t2_9_dies_trigger_queues_from_sba_move.ron
PASS tests/oracle/t2_9_keyword_wave1/t2_9_equip_attaches_to_controlled_creature.ron
PASS tests/oracle/t2_9_keyword_wave1/t2_9_etb_trigger_queues_and_stacks.ron
PASS tests/oracle/t2_9_keyword_wave1/t2_9_flash_permanent_casts_at_instant_timing.ron
PASS tests/oracle/t2_9_keyword_wave1/t2_9_flashback_casts_from_graveyard_and_exiles.ron
PASS tests/oracle/t2_9_keyword_wave1/t2_9_haste_attacks_same_turn.ron
PASS tests/oracle/t2_9_keyword_wave1/t2_9_hexproof_keyword_desugars_to_targeting_restriction.ron
PASS tests/oracle/t2_9_keyword_wave1/t2_9_indestructible_survives_lethal_damage.ron
PASS tests/oracle/t2_9_keyword_wave1/t2_9_kicker_adds_cost_and_records_stack_flag.ron
PASS tests/oracle/t2_9_keyword_wave1/t2_9_prowess_keyword_characteristics.ron
PASS tests/oracle/t2_9_keyword_wave1/t2_9_sacrifice_cost_moves_source_before_resolution.ron
PASS tests/oracle/t2_9_keyword_wave1/t2_9_scry_bottoms_selected_top_card.ron
PASS tests/oracle/t2_9_keyword_wave1/t2_9_surveil_moves_selected_top_card_to_graveyard.ron
WROTE target/forge-testkit/oracle-junit.xml
oracle scenarios: 1200 passed, 0 failed
python3: error: couldn't create cache file '/var/folders/zz/zyxvpxvq6csfxvn_n5p1l26ddhcrjl/T/xcrun_db-Zr0DiDPY' (errno=Operation not permitted)
python3: error: couldn't create cache file '/var/folders/zz/zyxvpxvq6csfxvn_n5p1l26ddhcrjl/T/xcrun_db-nAh8CVQM' (errno=Operation not permitted)
CP-DSL mutation report: control=True exact_mutants=True killed=28 survived=0 invalid=0 score=100.00% high_survivors=[]; verified 29 full command logs
python3: error: couldn't create cache file '/var/folders/zz/zyxvpxvq6csfxvn_n5p1l26ddhcrjl/T/xcrun_db-c2eWWLdY' (errno=Operation not permitted)
python3: error: couldn't create cache file '/var/folders/zz/zyxvpxvq6csfxvn_n5p1l26ddhcrjl/T/xcrun_db-tbtU2PCb' (errno=Operation not permitted)
CP-DSL verification: passed=True cards=100 strata=25 mutation=100.0%
PASS card regression: 100 cards, 25 strata, deterministic database, local-only evidence

--- result ---
finished_at=2026-07-10T05:56:31Z
exit_code=0
