warning: output of `xcrun` while finding MacOSX.sdk
  |
  = note: xcrun: error: couldn't create cache file '/var/folders/zz/zyxvpxvq6csfxvn_n5p1l26ddhcrjl/T/xcrun_db-mnELzR9G' (errno=Operation not permitted)
          xcrun: error: couldn't create cache file '/var/folders/zz/zyxvpxvq6csfxvn_n5p1l26ddhcrjl/T/xcrun_db-64pZ4whw' (errno=Operation not permitted)

warning: output of `xcrun` while finding MacOSX.sdk
  |
  = note: xcrun: error: couldn't create cache file '/var/folders/zz/zyxvpxvq6csfxvn_n5p1l26ddhcrjl/T/xcrun_db-mnELzR9G' (errno=Operation not permitted)
          xcrun: error: couldn't create cache file '/var/folders/zz/zyxvpxvq6csfxvn_n5p1l26ddhcrjl/T/xcrun_db-64pZ4whw' (errno=Operation not permitted)

warning: output of `xcrun` while finding MacOSX.sdk
  |
  = note: xcrun: error: couldn't create cache file '/var/folders/zz/zyxvpxvq6csfxvn_n5p1l26ddhcrjl/T/xcrun_db-mnELzR9G' (errno=Operation not permitted)
          xcrun: error: couldn't create cache file '/var/folders/zz/zyxvpxvq6csfxvn_n5p1l26ddhcrjl/T/xcrun_db-64pZ4whw' (errno=Operation not permitted)

warning: output of `xcrun` while finding MacOSX.sdk
  |
  = note: xcrun: error: couldn't create cache file '/var/folders/zz/zyxvpxvq6csfxvn_n5p1l26ddhcrjl/T/xcrun_db-mnELzR9G' (errno=Operation not permitted)
          xcrun: error: couldn't create cache file '/var/folders/zz/zyxvpxvq6csfxvn_n5p1l26ddhcrjl/T/xcrun_db-64pZ4whw' (errno=Operation not permitted)

warning: output of `xcrun` while finding MacOSX.sdk
  |
  = note: xcrun: error: couldn't create cache file '/var/folders/zz/zyxvpxvq6csfxvn_n5p1l26ddhcrjl/T/xcrun_db-mnELzR9G' (errno=Operation not permitted)
          xcrun: error: couldn't create cache file '/var/folders/zz/zyxvpxvq6csfxvn_n5p1l26ddhcrjl/T/xcrun_db-64pZ4whw' (errno=Operation not permitted)

warning: output of `xcrun` while finding MacOSX.sdk
  |
  = note: xcrun: error: couldn't create cache file '/var/folders/zz/zyxvpxvq6csfxvn_n5p1l26ddhcrjl/T/xcrun_db-mnELzR9G' (errno=Operation not permitted)
          xcrun: error: couldn't create cache file '/var/folders/zz/zyxvpxvq6csfxvn_n5p1l26ddhcrjl/T/xcrun_db-64pZ4whw' (errno=Operation not permitted)

PASS determinism.sh (3 replay(s))
