==> baseline test command
warning: output of `xcrun` while finding MacOSX.sdk
  |
  = note: xcrun: error: couldn't create cache file '/var/folders/zz/zyxvpxvq6csfxvn_n5p1l26ddhcrjl/T/xcrun_db-ygQG7QfM' (errno=Operation not permitted)
          xcrun: error: couldn't create cache file '/var/folders/zz/zyxvpxvq6csfxvn_n5p1l26ddhcrjl/T/xcrun_db-yh1pkPmd' (errno=Operation not permitted)

warning: `forge-core` (lib test) generated 1 warning
    Finished `test` profile [unoptimized + debuginfo] target(s) in 0.14s
     Running unittests src/lib.rs (target/debug/deps/forge_core-4212ded4013ba52d)

running 1 test
test tests::lifelink_is_applied_before_loss_state_based_actions ... ok

test result: ok. 1 passed; 0 failed; 0 ignored; 0 measured; 71 filtered out; finished in 0.00s

git: error: couldn't create cache file '/var/folders/zz/zyxvpxvq6csfxvn_n5p1l26ddhcrjl/T/xcrun_db-aU1yzALg' (errno=Operation not permitted)
git: error: couldn't create cache file '/var/folders/zz/zyxvpxvq6csfxvn_n5p1l26ddhcrjl/T/xcrun_db-IP5WV4uo' (errno=Operation not permitted)
==> mutation edit command
perl: warning: Setting locale failed.
perl: warning: Please check that your locale settings:
	LC_ALL = "C.UTF-8",
	LC_CTYPE = "C.UTF-8",
	LANG = "C.UTF-8"
    are supported and installed on your system.
perl: warning: Falling back to the standard locale ("C").
==> mutated test command (expected to fail)
   Compiling proc-macro2 v1.0.106
   Compiling quote v1.0.46
   Compiling unicode-ident v1.0.24
   Compiling serde_core v1.0.228
   Compiling crossbeam-utils v0.8.22
   Compiling crossbeam-epoch v0.9.20
   Compiling zerocopy v0.8.53
   Compiling zmij v1.0.21
   Compiling autocfg v1.5.1
   Compiling crossbeam-deque v0.8.7
   Compiling serde v1.0.228
   Compiling cfg-if v1.0.4
   Compiling serde_json v1.0.150
   Compiling rayon-core v1.13.0
   Compiling libc v0.2.186
   Compiling either v1.16.0
   Compiling ciborium-io v0.2.2
   Compiling itoa v1.0.18
   Compiling clap_lex v1.1.0
   Compiling memchr v2.8.2
   Compiling anstyle v1.0.14
   Compiling plotters-backend v0.3.7
   Compiling regex-syntax v0.8.11
   Compiling same-file v1.0.6
   Compiling cast v0.3.0
   Compiling plotters-svg v0.3.7
   Compiling itertools v0.10.5
   Compiling clap_builder v4.6.0
   Compiling walkdir v2.5.0
   Compiling anes v0.1.6
   Compiling oorandom v11.1.5
   Compiling once_cell v1.21.4
   Compiling num-traits v0.2.19
   Compiling regex-automata v0.4.14
   Compiling criterion-plot v0.5.0
   Compiling clap v4.6.1
   Compiling regex v1.12.4
   Compiling rayon v1.12.0
   Compiling syn v2.0.118
   Compiling is-terminal v0.4.17
   Compiling plotters v0.3.7
   Compiling zerocopy-derive v0.8.53
   Compiling serde_derive v1.0.228
   Compiling tinytemplate v1.2.1
   Compiling half v2.7.1
   Compiling ciborium-ll v0.2.2
   Compiling ciborium v0.2.2
   Compiling criterion v0.5.1
   Compiling forge-core v0.0.0 (/private/var/folders/bc/364csh9x7ts0qcsvtp63gw91dhcrjl/T/forge_mutation_edit_worktree.wV06vC/crates/forge-core)
warning: output of `xcrun` while finding MacOSX.sdk
  |
  = note: xcrun: error: couldn't create cache file '/var/folders/zz/zyxvpxvq6csfxvn_n5p1l26ddhcrjl/T/xcrun_db-SLPSBvK1' (errno=Operation not permitted)
          xcrun: error: couldn't create cache file '/var/folders/zz/zyxvpxvq6csfxvn_n5p1l26ddhcrjl/T/xcrun_db-F7MayhkZ' (errno=Operation not permitted)

warning: `forge-core` (lib test) generated 1 warning
    Finished `test` profile [unoptimized + debuginfo] target(s) in 8.69s
     Running unittests src/lib.rs (target/debug/deps/forge_core-4212ded4013ba52d)

running 1 test
test tests::lifelink_is_applied_before_loss_state_based_actions ... FAILED

failures:

---- tests::lifelink_is_applied_before_loss_state_based_actions stdout ----

thread 'tests::lifelink_is_applied_before_loss_state_based_actions' (16089713) panicked at crates/forge-core/src/lib.rs:8420:9:
assertion `left == right` failed
  left: 0
 right: 3
note: run with `RUST_BACKTRACE=1` environment variable to display a backtrace


failures:
    tests::lifelink_is_applied_before_loss_state_based_actions

test result: FAILED. 0 passed; 1 failed; 0 ignored; 0 measured; 71 filtered out; finished in 0.00s

error: test failed, to rerun pass `-p forge-core --lib`
PASS mutation_check.sh
